debug: Tue, 22 Aug 2023 13:00:35 GMT
debug: Project: C:\Users\USER\Desktop\ban_may_bay
debug: Targets: editor,preview
debug: Incremental file seems great.
debug: Engine path: C:\ProgramData\cocos\editors\Creator\3.3.2\resources\resources\3d\engine
debug: Initializing target [Editor]
debug: Loading cache
debug: Loading cache costs 8.90119993686676ms.
debug: Engine features shipped in editor: base,gfx-webgl,gfx-webgl2,3d,2d,ui,particle,particle-2d,physics-framework,physics-2d-framework,intersection-2d,primitive,profiler,audio,video,terrain,webview,tween,tiled-map,spine,dragon-bones
debug: Initializing target [Preview]
debug: Loading cache
debug: Loading cache costs 5.218199968338013ms.
debug: Sync engine features: base,gfx-webgl,gfx-webgl2,3d,2d,ui,particle,physics-builtin,intersection-2d,primitive,profiler,particle-2d,audio,video,webview,tween
debug: Pulling asset-db.
debug: Fetch asset-db cost: 46.31879997253418ms.
debug: Build iteration starts.
Number of accumulated asset changes: 11
Feature changed: false
debug: Target(editor) build started.
debug: Detected change: cce:/internal/x/cc. Last mtime: Thu Jan 01 1970 07:00:12 GMT+0700 (Indochina Time), Current mtime: Thu Jan 01 1970 07:00:12 GMT+0700 (Indochina Time)
debug: Inspect cce:/internal/x/cc
debug: Resolve cce:/internal/x/cc-fu/base from cce:/internal/x/cc as external dependency cce:/internal/x/cc-fu/base.
debug: Resolve cce:/internal/x/cc-fu/gfx-webgl from cce:/internal/x/cc as external dependency cce:/internal/x/cc-fu/gfx-webgl.
debug: Resolve cce:/internal/x/cc-fu/gfx-webgl2 from cce:/internal/x/cc as external dependency cce:/internal/x/cc-fu/gfx-webgl2.
debug: Resolve cce:/internal/x/cc-fu/3d from cce:/internal/x/cc as external dependency cce:/internal/x/cc-fu/3d.
debug: Resolve cce:/internal/x/cc-fu/2d from cce:/internal/x/cc as external dependency cce:/internal/x/cc-fu/2d.
debug: Resolve cce:/internal/x/cc-fu/ui from cce:/internal/x/cc as external dependency cce:/internal/x/cc-fu/ui.
debug: Resolve cce:/internal/x/cc-fu/particle from cce:/internal/x/cc as external dependency cce:/internal/x/cc-fu/particle.
debug: Resolve cce:/internal/x/cc-fu/particle-2d from cce:/internal/x/cc as external dependency cce:/internal/x/cc-fu/particle-2d.
debug: Resolve cce:/internal/x/cc-fu/physics-framework from cce:/internal/x/cc as external dependency cce:/internal/x/cc-fu/physics-framework.
debug: Resolve cce:/internal/x/cc-fu/physics-2d-framework from cce:/internal/x/cc as external dependency cce:/internal/x/cc-fu/physics-2d-framework.
debug: Resolve cce:/internal/x/cc-fu/intersection-2d from cce:/internal/x/cc as external dependency cce:/internal/x/cc-fu/intersection-2d.
debug: Resolve cce:/internal/x/cc-fu/primitive from cce:/internal/x/cc as external dependency cce:/internal/x/cc-fu/primitive.
debug: Resolve cce:/internal/x/cc-fu/profiler from cce:/internal/x/cc as external dependency cce:/internal/x/cc-fu/profiler.
debug: Resolve cce:/internal/x/cc-fu/audio from cce:/internal/x/cc as external dependency cce:/internal/x/cc-fu/audio.
debug: Resolve cce:/internal/x/cc-fu/video from cce:/internal/x/cc as external dependency cce:/internal/x/cc-fu/video.
debug: Resolve cce:/internal/x/cc-fu/terrain from cce:/internal/x/cc as external dependency cce:/internal/x/cc-fu/terrain.
debug: Resolve cce:/internal/x/cc-fu/webview from cce:/internal/x/cc as external dependency cce:/internal/x/cc-fu/webview.
debug: Resolve cce:/internal/x/cc-fu/tween from cce:/internal/x/cc as external dependency cce:/internal/x/cc-fu/tween.
debug: Resolve cce:/internal/x/cc-fu/tiled-map from cce:/internal/x/cc as external dependency cce:/internal/x/cc-fu/tiled-map.
debug: Resolve cce:/internal/x/cc-fu/spine from cce:/internal/x/cc as external dependency cce:/internal/x/cc-fu/spine.
debug: Resolve cce:/internal/x/cc-fu/dragon-bones from cce:/internal/x/cc as external dependency cce:/internal/x/cc-fu/dragon-bones.
debug: Detected change: cce:/internal/x/prerequisite-imports. Last mtime: Thu Jan 01 1970 07:00:38 GMT+0700 (Indochina Time), Current mtime: Thu Jan 01 1970 07:00:27 GMT+0700 (Indochina Time)
debug: Inspect cce:/internal/x/prerequisite-imports
debug: Resolve file:///C:/Users/USER/Desktop/ban_may_bay/assets/script/Explode.ts from cce:/internal/x/prerequisite-imports as file:///C:/Users/USER/Desktop/ban_may_bay/assets/script/Explode.ts.
debug: Resolve file:///C:/Users/USER/Desktop/ban_may_bay/assets/script/MovingSceneBg.ts from cce:/internal/x/prerequisite-imports as file:///C:/Users/USER/Desktop/ban_may_bay/assets/script/MovingSceneBg.ts.
debug: Resolve file:///C:/Users/USER/Desktop/ban_may_bay/assets/script/bullet/Bullet.ts from cce:/internal/x/prerequisite-imports as file:///C:/Users/USER/Desktop/ban_may_bay/assets/script/bullet/Bullet.ts.
debug: Resolve file:///C:/Users/USER/Desktop/ban_may_bay/assets/script/bullet/BulletProp.ts from cce:/internal/x/prerequisite-imports as file:///C:/Users/USER/Desktop/ban_may_bay/assets/script/bullet/BulletProp.ts.
debug: Resolve file:///C:/Users/USER/Desktop/ban_may_bay/assets/script/framework/AudioManager.ts from cce:/internal/x/prerequisite-imports as file:///C:/Users/USER/Desktop/ban_may_bay/assets/script/framework/AudioManager.ts.
debug: Resolve file:///C:/Users/USER/Desktop/ban_may_bay/assets/script/framework/Constant.ts from cce:/internal/x/prerequisite-imports as file:///C:/Users/USER/Desktop/ban_may_bay/assets/script/framework/Constant.ts.
debug: Resolve file:///C:/Users/USER/Desktop/ban_may_bay/assets/script/framework/GameManager.ts from cce:/internal/x/prerequisite-imports as file:///C:/Users/USER/Desktop/ban_may_bay/assets/script/framework/GameManager.ts.
debug: Resolve file:///C:/Users/USER/Desktop/ban_may_bay/assets/script/framework/PoolManager.ts from cce:/internal/x/prerequisite-imports as file:///C:/Users/USER/Desktop/ban_may_bay/assets/script/framework/PoolManager.ts.
debug: Resolve file:///C:/Users/USER/Desktop/ban_may_bay/assets/script/plane/EnemyPlane.ts from cce:/internal/x/prerequisite-imports as file:///C:/Users/USER/Desktop/ban_may_bay/assets/script/plane/EnemyPlane.ts.
debug: Resolve file:///C:/Users/USER/Desktop/ban_may_bay/assets/script/plane/SelfPlane.ts from cce:/internal/x/prerequisite-imports as file:///C:/Users/USER/Desktop/ban_may_bay/assets/script/plane/SelfPlane.ts.
debug: Resolve file:///C:/Users/USER/Desktop/ban_may_bay/assets/script/ui/UIMain.ts from cce:/internal/x/prerequisite-imports as file:///C:/Users/USER/Desktop/ban_may_bay/assets/script/ui/UIMain.ts.
debug: Inspect file:///C:/Users/USER/Desktop/ban_may_bay/assets/script/Explode.ts
debug: Inspect file:///C:/Users/USER/Desktop/ban_may_bay/assets/script/MovingSceneBg.ts
debug: Inspect file:///C:/Users/USER/Desktop/ban_may_bay/assets/script/bullet/Bullet.ts
debug: Inspect file:///C:/Users/USER/Desktop/ban_may_bay/assets/script/bullet/BulletProp.ts
debug: Inspect file:///C:/Users/USER/Desktop/ban_may_bay/assets/script/framework/AudioManager.ts
debug: Inspect file:///C:/Users/USER/Desktop/ban_may_bay/assets/script/framework/Constant.ts
debug: Inspect file:///C:/Users/USER/Desktop/ban_may_bay/assets/script/framework/GameManager.ts
debug: Inspect file:///C:/Users/USER/Desktop/ban_may_bay/assets/script/framework/PoolManager.ts
debug: Inspect file:///C:/Users/USER/Desktop/ban_may_bay/assets/script/plane/EnemyPlane.ts
debug: Inspect file:///C:/Users/USER/Desktop/ban_may_bay/assets/script/plane/SelfPlane.ts
debug: Inspect file:///C:/Users/USER/Desktop/ban_may_bay/assets/script/ui/UIMain.ts
debug: Resolve cce:/internal/code-quality/cr.mjs from file:///C:/Users/USER/Desktop/ban_may_bay/assets/script/Explode.ts as cce:/internal/code-quality/cr.mjs.
debug: Resolve cc from file:///C:/Users/USER/Desktop/ban_may_bay/assets/script/Explode.ts as cce:/internal/x/cc.
debug: Resolve cc from file:///C:/Users/USER/Desktop/ban_may_bay/assets/script/Explode.ts as cce:/internal/x/cc.
debug: Detected change: cce:/internal/code-quality/cr.mjs. Last mtime: Tue Aug 22 2023 14:09:47 GMT+0700 (Indochina Time), Current mtime: Tue Aug 22 2023 20:00:23 GMT+0700 (Indochina Time)
debug: Inspect cce:/internal/code-quality/cr.mjs
debug: Resolve cce:/internal/code-quality/cr.mjs from file:///C:/Users/USER/Desktop/ban_may_bay/assets/script/bullet/Bullet.ts as cce:/internal/code-quality/cr.mjs.
debug: Resolve cc from file:///C:/Users/USER/Desktop/ban_may_bay/assets/script/bullet/Bullet.ts as cce:/internal/x/cc.
debug: Resolve cc from file:///C:/Users/USER/Desktop/ban_may_bay/assets/script/bullet/Bullet.ts as cce:/internal/x/cc.
debug: Resolve cc from file:///C:/Users/USER/Desktop/ban_may_bay/assets/script/framework/Constant.ts as cce:/internal/x/cc.
debug: Resolve cc from file:///C:/Users/USER/Desktop/ban_may_bay/assets/script/framework/Constant.ts as cce:/internal/x/cc.
debug: Resolve cce:/internal/code-quality/cr.mjs from file:///C:/Users/USER/Desktop/ban_may_bay/assets/script/bullet/BulletProp.ts as cce:/internal/code-quality/cr.mjs.
debug: Resolve cc from file:///C:/Users/USER/Desktop/ban_may_bay/assets/script/bullet/BulletProp.ts as cce:/internal/x/cc.
debug: Resolve cc from file:///C:/Users/USER/Desktop/ban_may_bay/assets/script/bullet/BulletProp.ts as cce:/internal/x/cc.
debug: Resolve cc from file:///C:/Users/USER/Desktop/ban_may_bay/assets/script/framework/AudioManager.ts as cce:/internal/x/cc.
debug: Resolve cc from file:///C:/Users/USER/Desktop/ban_may_bay/assets/script/framework/AudioManager.ts as cce:/internal/x/cc.
debug: Resolve cc from file:///C:/Users/USER/Desktop/ban_may_bay/assets/script/framework/PoolManager.ts as cce:/internal/x/cc.
debug: Resolve cc from file:///C:/Users/USER/Desktop/ban_may_bay/assets/script/framework/PoolManager.ts as cce:/internal/x/cc.
debug: Resolve cce:/internal/code-quality/cr.mjs from file:///C:/Users/USER/Desktop/ban_may_bay/assets/script/plane/SelfPlane.ts as cce:/internal/code-quality/cr.mjs.
debug: Resolve cc from file:///C:/Users/USER/Desktop/ban_may_bay/assets/script/plane/SelfPlane.ts as cce:/internal/x/cc.
debug: Resolve cc from file:///C:/Users/USER/Desktop/ban_may_bay/assets/script/plane/SelfPlane.ts as cce:/internal/x/cc.
debug: Resolve cce:/internal/code-quality/cr.mjs from file:///C:/Users/USER/Desktop/ban_may_bay/assets/script/framework/GameManager.ts as cce:/internal/code-quality/cr.mjs.
debug: Resolve cc from file:///C:/Users/USER/Desktop/ban_may_bay/assets/script/framework/GameManager.ts as cce:/internal/x/cc.
debug: Resolve cc from file:///C:/Users/USER/Desktop/ban_may_bay/assets/script/framework/GameManager.ts as cce:/internal/x/cc.
debug: Resolve cce:/internal/code-quality/cr.mjs from file:///C:/Users/USER/Desktop/ban_may_bay/assets/script/plane/EnemyPlane.ts as cce:/internal/code-quality/cr.mjs.
debug: Resolve cc from file:///C:/Users/USER/Desktop/ban_may_bay/assets/script/plane/EnemyPlane.ts as cce:/internal/x/cc.
debug: Resolve cc from file:///C:/Users/USER/Desktop/ban_may_bay/assets/script/plane/EnemyPlane.ts as cce:/internal/x/cc.
debug: Resolve cc from file:///C:/Users/USER/Desktop/ban_may_bay/assets/script/MovingSceneBg.ts as cce:/internal/x/cc.
debug: Resolve cc from file:///C:/Users/USER/Desktop/ban_may_bay/assets/script/MovingSceneBg.ts as cce:/internal/x/cc.
debug: Resolve cce:/internal/code-quality/cr.mjs from file:///C:/Users/USER/Desktop/ban_may_bay/assets/script/ui/UIMain.ts as cce:/internal/code-quality/cr.mjs.
debug: Resolve cc from file:///C:/Users/USER/Desktop/ban_may_bay/assets/script/ui/UIMain.ts as cce:/internal/x/cc.
debug: Resolve cc from file:///C:/Users/USER/Desktop/ban_may_bay/assets/script/ui/UIMain.ts as cce:/internal/x/cc.
debug: Resolve ./framework/PoolManager from file:///C:/Users/USER/Desktop/ban_may_bay/assets/script/Explode.ts as file:///C:/Users/USER/Desktop/ban_may_bay/assets/script/framework/PoolManager.ts.
debug: Resolve ../framework/Constant from file:///C:/Users/USER/Desktop/ban_may_bay/assets/script/bullet/Bullet.ts as file:///C:/Users/USER/Desktop/ban_may_bay/assets/script/framework/Constant.ts.
debug: Resolve ../framework/PoolManager from file:///C:/Users/USER/Desktop/ban_may_bay/assets/script/bullet/Bullet.ts as file:///C:/Users/USER/Desktop/ban_may_bay/assets/script/framework/PoolManager.ts.
debug: Resolve ../framework/Constant from file:///C:/Users/USER/Desktop/ban_may_bay/assets/script/bullet/BulletProp.ts as file:///C:/Users/USER/Desktop/ban_may_bay/assets/script/framework/Constant.ts.
debug: Resolve ../framework/PoolManager from file:///C:/Users/USER/Desktop/ban_may_bay/assets/script/bullet/BulletProp.ts as file:///C:/Users/USER/Desktop/ban_may_bay/assets/script/framework/PoolManager.ts.
debug: Resolve ../framework/Constant from file:///C:/Users/USER/Desktop/ban_may_bay/assets/script/plane/SelfPlane.ts as file:///C:/Users/USER/Desktop/ban_may_bay/assets/script/framework/Constant.ts.
debug: Resolve ../bullet/Bullet from file:///C:/Users/USER/Desktop/ban_may_bay/assets/script/framework/GameManager.ts as file:///C:/Users/USER/Desktop/ban_may_bay/assets/script/bullet/Bullet.ts.
debug: Resolve ../bullet/BulletProp from file:///C:/Users/USER/Desktop/ban_may_bay/assets/script/framework/GameManager.ts as file:///C:/Users/USER/Desktop/ban_may_bay/assets/script/bullet/BulletProp.ts.
debug: Resolve ../plane/SelfPlane from file:///C:/Users/USER/Desktop/ban_may_bay/assets/script/framework/GameManager.ts as file:///C:/Users/USER/Desktop/ban_may_bay/assets/script/plane/SelfPlane.ts.
debug: Resolve ../plane/EnemyPlane from file:///C:/Users/USER/Desktop/ban_may_bay/assets/script/framework/GameManager.ts as file:///C:/Users/USER/Desktop/ban_may_bay/assets/script/plane/EnemyPlane.ts.
debug: Resolve ./AudioManager from file:///C:/Users/USER/Desktop/ban_may_bay/assets/script/framework/GameManager.ts as file:///C:/Users/USER/Desktop/ban_may_bay/assets/script/framework/AudioManager.ts.
debug: Resolve ./Constant from file:///C:/Users/USER/Desktop/ban_may_bay/assets/script/framework/GameManager.ts as file:///C:/Users/USER/Desktop/ban_may_bay/assets/script/framework/Constant.ts.
debug: Resolve ./PoolManager from file:///C:/Users/USER/Desktop/ban_may_bay/assets/script/framework/GameManager.ts as file:///C:/Users/USER/Desktop/ban_may_bay/assets/script/framework/PoolManager.ts.
debug: Resolve ../framework/Constant from file:///C:/Users/USER/Desktop/ban_may_bay/assets/script/plane/EnemyPlane.ts as file:///C:/Users/USER/Desktop/ban_may_bay/assets/script/framework/Constant.ts.
debug: Resolve ../framework/PoolManager from file:///C:/Users/USER/Desktop/ban_may_bay/assets/script/plane/EnemyPlane.ts as file:///C:/Users/USER/Desktop/ban_may_bay/assets/script/framework/PoolManager.ts.
debug: Resolve ../framework/GameManager from file:///C:/Users/USER/Desktop/ban_may_bay/assets/script/ui/UIMain.ts as file:///C:/Users/USER/Desktop/ban_may_bay/assets/script/framework/GameManager.ts.
debug: Target(editor) ends with cost 2629.564400076866ms.
debug: Target(preview) build started.
debug: Detected change: cce:/internal/x/cc. Last mtime: Thu Jan 01 1970 07:00:12 GMT+0700 (Indochina Time), Current mtime: Thu Jan 01 1970 07:00:12 GMT+0700 (Indochina Time)
debug: Inspect cce:/internal/x/cc
debug: Resolve cce:/internal/x/cc-fu/base from cce:/internal/x/cc as external dependency cce:/internal/x/cc-fu/base.
debug: Resolve cce:/internal/x/cc-fu/gfx-webgl from cce:/internal/x/cc as external dependency cce:/internal/x/cc-fu/gfx-webgl.
debug: Resolve cce:/internal/x/cc-fu/gfx-webgl2 from cce:/internal/x/cc as external dependency cce:/internal/x/cc-fu/gfx-webgl2.
debug: Resolve cce:/internal/x/cc-fu/3d from cce:/internal/x/cc as external dependency cce:/internal/x/cc-fu/3d.
debug: Resolve cce:/internal/x/cc-fu/2d from cce:/internal/x/cc as external dependency cce:/internal/x/cc-fu/2d.
debug: Resolve cce:/internal/x/cc-fu/ui from cce:/internal/x/cc as external dependency cce:/internal/x/cc-fu/ui.
debug: Resolve cce:/internal/x/cc-fu/particle from cce:/internal/x/cc as external dependency cce:/internal/x/cc-fu/particle.
debug: Resolve cce:/internal/x/cc-fu/physics-builtin from cce:/internal/x/cc as external dependency cce:/internal/x/cc-fu/physics-builtin.
debug: Resolve cce:/internal/x/cc-fu/physics-framework from cce:/internal/x/cc as external dependency cce:/internal/x/cc-fu/physics-framework.
debug: Resolve cce:/internal/x/cc-fu/intersection-2d from cce:/internal/x/cc as external dependency cce:/internal/x/cc-fu/intersection-2d.
debug: Resolve cce:/internal/x/cc-fu/primitive from cce:/internal/x/cc as external dependency cce:/internal/x/cc-fu/primitive.
debug: Resolve cce:/internal/x/cc-fu/profiler from cce:/internal/x/cc as external dependency cce:/internal/x/cc-fu/profiler.
debug: Resolve cce:/internal/x/cc-fu/particle-2d from cce:/internal/x/cc as external dependency cce:/internal/x/cc-fu/particle-2d.
debug: Resolve cce:/internal/x/cc-fu/audio from cce:/internal/x/cc as external dependency cce:/internal/x/cc-fu/audio.
debug: Resolve cce:/internal/x/cc-fu/video from cce:/internal/x/cc as external dependency cce:/internal/x/cc-fu/video.
debug: Resolve cce:/internal/x/cc-fu/webview from cce:/internal/x/cc as external dependency cce:/internal/x/cc-fu/webview.
debug: Resolve cce:/internal/x/cc-fu/tween from cce:/internal/x/cc as external dependency cce:/internal/x/cc-fu/tween.
debug: Detected change: cce:/internal/x/prerequisite-imports. Last mtime: Thu Jan 01 1970 07:00:41 GMT+0700 (Indochina Time), Current mtime: Thu Jan 01 1970 07:00:30 GMT+0700 (Indochina Time)
debug: Inspect cce:/internal/x/prerequisite-imports
debug: Resolve file:///C:/Users/USER/Desktop/ban_may_bay/assets/script/Explode.ts from cce:/internal/x/prerequisite-imports as file:///C:/Users/USER/Desktop/ban_may_bay/assets/script/Explode.ts.
debug: Resolve file:///C:/Users/USER/Desktop/ban_may_bay/assets/script/MovingSceneBg.ts from cce:/internal/x/prerequisite-imports as file:///C:/Users/USER/Desktop/ban_may_bay/assets/script/MovingSceneBg.ts.
debug: Resolve file:///C:/Users/USER/Desktop/ban_may_bay/assets/script/bullet/Bullet.ts from cce:/internal/x/prerequisite-imports as file:///C:/Users/USER/Desktop/ban_may_bay/assets/script/bullet/Bullet.ts.
debug: Resolve file:///C:/Users/USER/Desktop/ban_may_bay/assets/script/bullet/BulletProp.ts from cce:/internal/x/prerequisite-imports as file:///C:/Users/USER/Desktop/ban_may_bay/assets/script/bullet/BulletProp.ts.
debug: Resolve file:///C:/Users/USER/Desktop/ban_may_bay/assets/script/framework/AudioManager.ts from cce:/internal/x/prerequisite-imports as file:///C:/Users/USER/Desktop/ban_may_bay/assets/script/framework/AudioManager.ts.
debug: Resolve file:///C:/Users/USER/Desktop/ban_may_bay/assets/script/framework/Constant.ts from cce:/internal/x/prerequisite-imports as file:///C:/Users/USER/Desktop/ban_may_bay/assets/script/framework/Constant.ts.
debug: Resolve file:///C:/Users/USER/Desktop/ban_may_bay/assets/script/framework/GameManager.ts from cce:/internal/x/prerequisite-imports as file:///C:/Users/USER/Desktop/ban_may_bay/assets/script/framework/GameManager.ts.
debug: Resolve file:///C:/Users/USER/Desktop/ban_may_bay/assets/script/framework/PoolManager.ts from cce:/internal/x/prerequisite-imports as file:///C:/Users/USER/Desktop/ban_may_bay/assets/script/framework/PoolManager.ts.
debug: Resolve file:///C:/Users/USER/Desktop/ban_may_bay/assets/script/plane/EnemyPlane.ts from cce:/internal/x/prerequisite-imports as file:///C:/Users/USER/Desktop/ban_may_bay/assets/script/plane/EnemyPlane.ts.
debug: Resolve file:///C:/Users/USER/Desktop/ban_may_bay/assets/script/plane/SelfPlane.ts from cce:/internal/x/prerequisite-imports as file:///C:/Users/USER/Desktop/ban_may_bay/assets/script/plane/SelfPlane.ts.
debug: Resolve file:///C:/Users/USER/Desktop/ban_may_bay/assets/script/ui/UIMain.ts from cce:/internal/x/prerequisite-imports as file:///C:/Users/USER/Desktop/ban_may_bay/assets/script/ui/UIMain.ts.
debug: Inspect file:///C:/Users/USER/Desktop/ban_may_bay/assets/script/Explode.ts
debug: Inspect file:///C:/Users/USER/Desktop/ban_may_bay/assets/script/MovingSceneBg.ts
debug: Inspect file:///C:/Users/USER/Desktop/ban_may_bay/assets/script/bullet/Bullet.ts
debug: Inspect file:///C:/Users/USER/Desktop/ban_may_bay/assets/script/bullet/BulletProp.ts
debug: Inspect file:///C:/Users/USER/Desktop/ban_may_bay/assets/script/framework/AudioManager.ts
debug: Inspect file:///C:/Users/USER/Desktop/ban_may_bay/assets/script/framework/Constant.ts
debug: Inspect file:///C:/Users/USER/Desktop/ban_may_bay/assets/script/framework/GameManager.ts
debug: Inspect file:///C:/Users/USER/Desktop/ban_may_bay/assets/script/framework/PoolManager.ts
debug: Inspect file:///C:/Users/USER/Desktop/ban_may_bay/assets/script/plane/EnemyPlane.ts
debug: Inspect file:///C:/Users/USER/Desktop/ban_may_bay/assets/script/plane/SelfPlane.ts
debug: Inspect file:///C:/Users/USER/Desktop/ban_may_bay/assets/script/ui/UIMain.ts
debug: Resolve cc from file:///C:/Users/USER/Desktop/ban_may_bay/assets/script/MovingSceneBg.ts as cce:/internal/x/cc.
debug: Resolve cc from file:///C:/Users/USER/Desktop/ban_may_bay/assets/script/MovingSceneBg.ts as cce:/internal/x/cc.
debug: Resolve cce:/internal/code-quality/cr.mjs from file:///C:/Users/USER/Desktop/ban_may_bay/assets/script/Explode.ts as cce:/internal/code-quality/cr.mjs.
debug: Resolve cc from file:///C:/Users/USER/Desktop/ban_may_bay/assets/script/Explode.ts as cce:/internal/x/cc.
debug: Resolve cc from file:///C:/Users/USER/Desktop/ban_may_bay/assets/script/Explode.ts as cce:/internal/x/cc.
debug: Detected change: cce:/internal/code-quality/cr.mjs. Last mtime: Tue Aug 22 2023 14:09:47 GMT+0700 (Indochina Time), Current mtime: Tue Aug 22 2023 20:00:23 GMT+0700 (Indochina Time)
debug: Inspect cce:/internal/code-quality/cr.mjs
debug: Resolve cce:/internal/code-quality/cr.mjs from file:///C:/Users/USER/Desktop/ban_may_bay/assets/script/bullet/BulletProp.ts as cce:/internal/code-quality/cr.mjs.
debug: Resolve cc from file:///C:/Users/USER/Desktop/ban_may_bay/assets/script/bullet/BulletProp.ts as cce:/internal/x/cc.
debug: Resolve cc from file:///C:/Users/USER/Desktop/ban_may_bay/assets/script/bullet/BulletProp.ts as cce:/internal/x/cc.
debug: Resolve cc from file:///C:/Users/USER/Desktop/ban_may_bay/assets/script/framework/AudioManager.ts as cce:/internal/x/cc.
debug: Resolve cc from file:///C:/Users/USER/Desktop/ban_may_bay/assets/script/framework/AudioManager.ts as cce:/internal/x/cc.
debug: Resolve cce:/internal/code-quality/cr.mjs from file:///C:/Users/USER/Desktop/ban_may_bay/assets/script/bullet/Bullet.ts as cce:/internal/code-quality/cr.mjs.
debug: Resolve cc from file:///C:/Users/USER/Desktop/ban_may_bay/assets/script/bullet/Bullet.ts as cce:/internal/x/cc.
debug: Resolve cc from file:///C:/Users/USER/Desktop/ban_may_bay/assets/script/bullet/Bullet.ts as cce:/internal/x/cc.
debug: Resolve cc from file:///C:/Users/USER/Desktop/ban_may_bay/assets/script/framework/Constant.ts as cce:/internal/x/cc.
debug: Resolve cc from file:///C:/Users/USER/Desktop/ban_may_bay/assets/script/framework/Constant.ts as cce:/internal/x/cc.
debug: Resolve cc from file:///C:/Users/USER/Desktop/ban_may_bay/assets/script/framework/PoolManager.ts as cce:/internal/x/cc.
debug: Resolve cc from file:///C:/Users/USER/Desktop/ban_may_bay/assets/script/framework/PoolManager.ts as cce:/internal/x/cc.
debug: Resolve cce:/internal/code-quality/cr.mjs from file:///C:/Users/USER/Desktop/ban_may_bay/assets/script/framework/GameManager.ts as cce:/internal/code-quality/cr.mjs.
debug: Resolve cc from file:///C:/Users/USER/Desktop/ban_may_bay/assets/script/framework/GameManager.ts as cce:/internal/x/cc.
debug: Resolve cc from file:///C:/Users/USER/Desktop/ban_may_bay/assets/script/framework/GameManager.ts as cce:/internal/x/cc.
debug: Resolve cce:/internal/code-quality/cr.mjs from file:///C:/Users/USER/Desktop/ban_may_bay/assets/script/plane/EnemyPlane.ts as cce:/internal/code-quality/cr.mjs.
debug: Resolve cc from file:///C:/Users/USER/Desktop/ban_may_bay/assets/script/plane/EnemyPlane.ts as cce:/internal/x/cc.
debug: Resolve cc from file:///C:/Users/USER/Desktop/ban_may_bay/assets/script/plane/EnemyPlane.ts as cce:/internal/x/cc.
debug: Resolve cce:/internal/code-quality/cr.mjs from file:///C:/Users/USER/Desktop/ban_may_bay/assets/script/plane/SelfPlane.ts as cce:/internal/code-quality/cr.mjs.
debug: Resolve cc from file:///C:/Users/USER/Desktop/ban_may_bay/assets/script/plane/SelfPlane.ts as cce:/internal/x/cc.
debug: Resolve cc from file:///C:/Users/USER/Desktop/ban_may_bay/assets/script/plane/SelfPlane.ts as cce:/internal/x/cc.
debug: Resolve cce:/internal/code-quality/cr.mjs from file:///C:/Users/USER/Desktop/ban_may_bay/assets/script/ui/UIMain.ts as cce:/internal/code-quality/cr.mjs.
debug: Resolve cc from file:///C:/Users/USER/Desktop/ban_may_bay/assets/script/ui/UIMain.ts as cce:/internal/x/cc.
debug: Resolve cc from file:///C:/Users/USER/Desktop/ban_may_bay/assets/script/ui/UIMain.ts as cce:/internal/x/cc.
debug: Resolve ./framework/PoolManager from file:///C:/Users/USER/Desktop/ban_may_bay/assets/script/Explode.ts as file:///C:/Users/USER/Desktop/ban_may_bay/assets/script/framework/PoolManager.ts.
debug: Resolve ../framework/PoolManager from file:///C:/Users/USER/Desktop/ban_may_bay/assets/script/bullet/BulletProp.ts as file:///C:/Users/USER/Desktop/ban_may_bay/assets/script/framework/PoolManager.ts.
debug: Resolve ../framework/Constant from file:///C:/Users/USER/Desktop/ban_may_bay/assets/script/bullet/Bullet.ts as file:///C:/Users/USER/Desktop/ban_may_bay/assets/script/framework/Constant.ts.
debug: Resolve ../framework/Constant from file:///C:/Users/USER/Desktop/ban_may_bay/assets/script/bullet/BulletProp.ts as file:///C:/Users/USER/Desktop/ban_may_bay/assets/script/framework/Constant.ts.
debug: Resolve ../framework/PoolManager from file:///C:/Users/USER/Desktop/ban_may_bay/assets/script/bullet/Bullet.ts as file:///C:/Users/USER/Desktop/ban_may_bay/assets/script/framework/PoolManager.ts.
debug: Resolve ../bullet/Bullet from file:///C:/Users/USER/Desktop/ban_may_bay/assets/script/framework/GameManager.ts as file:///C:/Users/USER/Desktop/ban_may_bay/assets/script/bullet/Bullet.ts.
debug: Resolve ../bullet/BulletProp from file:///C:/Users/USER/Desktop/ban_may_bay/assets/script/framework/GameManager.ts as file:///C:/Users/USER/Desktop/ban_may_bay/assets/script/bullet/BulletProp.ts.
debug: Resolve ../plane/EnemyPlane from file:///C:/Users/USER/Desktop/ban_may_bay/assets/script/framework/GameManager.ts as file:///C:/Users/USER/Desktop/ban_may_bay/assets/script/plane/EnemyPlane.ts.
debug: Resolve ../plane/SelfPlane from file:///C:/Users/USER/Desktop/ban_may_bay/assets/script/framework/GameManager.ts as file:///C:/Users/USER/Desktop/ban_may_bay/assets/script/plane/SelfPlane.ts.
debug: Resolve ./AudioManager from file:///C:/Users/USER/Desktop/ban_may_bay/assets/script/framework/GameManager.ts as file:///C:/Users/USER/Desktop/ban_may_bay/assets/script/framework/AudioManager.ts.
debug: Resolve ./Constant from file:///C:/Users/USER/Desktop/ban_may_bay/assets/script/framework/GameManager.ts as file:///C:/Users/USER/Desktop/ban_may_bay/assets/script/framework/Constant.ts.
debug: Resolve ./PoolManager from file:///C:/Users/USER/Desktop/ban_may_bay/assets/script/framework/GameManager.ts as file:///C:/Users/USER/Desktop/ban_may_bay/assets/script/framework/PoolManager.ts.
debug: Resolve ../framework/Constant from file:///C:/Users/USER/Desktop/ban_may_bay/assets/script/plane/EnemyPlane.ts as file:///C:/Users/USER/Desktop/ban_may_bay/assets/script/framework/Constant.ts.
debug: Resolve ../framework/PoolManager from file:///C:/Users/USER/Desktop/ban_may_bay/assets/script/plane/EnemyPlane.ts as file:///C:/Users/USER/Desktop/ban_may_bay/assets/script/framework/PoolManager.ts.
debug: Resolve ../framework/Constant from file:///C:/Users/USER/Desktop/ban_may_bay/assets/script/plane/SelfPlane.ts as file:///C:/Users/USER/Desktop/ban_may_bay/assets/script/framework/Constant.ts.
debug: Resolve ../framework/GameManager from file:///C:/Users/USER/Desktop/ban_may_bay/assets/script/ui/UIMain.ts as file:///C:/Users/USER/Desktop/ban_may_bay/assets/script/framework/GameManager.ts.
debug: Target(preview) ends with cost 2549.113800048828ms.
debug: Dispatch build request for time accumulated 2 asset changes.
debug: Build iteration starts.
Number of accumulated asset changes: 2
Feature changed: false
debug: Target(editor) build started.
debug: Detected change: cce:/internal/x/prerequisite-imports. Last mtime: Thu Jan 01 1970 07:00:27 GMT+0700 (Indochina Time), Current mtime: Thu Jan 01 1970 07:10:10 GMT+0700 (Indochina Time)
debug: Inspect cce:/internal/x/prerequisite-imports
debug: Resolve file:///C:/Users/USER/Desktop/ban_may_bay/assets/script/MovingSceneBg.ts from cce:/internal/x/prerequisite-imports as file:///C:/Users/USER/Desktop/ban_may_bay/assets/script/MovingSceneBg.ts.
debug: Resolve file:///C:/Users/USER/Desktop/ban_may_bay/assets/script/Explode.ts from cce:/internal/x/prerequisite-imports as file:///C:/Users/USER/Desktop/ban_may_bay/assets/script/Explode.ts.
debug: Resolve file:///C:/Users/USER/Desktop/ban_may_bay/assets/script/bullet/Bullet.ts from cce:/internal/x/prerequisite-imports as file:///C:/Users/USER/Desktop/ban_may_bay/assets/script/bullet/Bullet.ts.
debug: Resolve file:///C:/Users/USER/Desktop/ban_may_bay/assets/script/bullet/BulletProp.ts from cce:/internal/x/prerequisite-imports as file:///C:/Users/USER/Desktop/ban_may_bay/assets/script/bullet/BulletProp.ts.
debug: Resolve file:///C:/Users/USER/Desktop/ban_may_bay/assets/script/framework/AudioManager.ts from cce:/internal/x/prerequisite-imports as file:///C:/Users/USER/Desktop/ban_may_bay/assets/script/framework/AudioManager.ts.
debug: Resolve file:///C:/Users/USER/Desktop/ban_may_bay/assets/script/framework/Constant.ts from cce:/internal/x/prerequisite-imports as file:///C:/Users/USER/Desktop/ban_may_bay/assets/script/framework/Constant.ts.
debug: Resolve file:///C:/Users/USER/Desktop/ban_may_bay/assets/script/framework/GameManager.ts from cce:/internal/x/prerequisite-imports as file:///C:/Users/USER/Desktop/ban_may_bay/assets/script/framework/GameManager.ts.
debug: Resolve file:///C:/Users/USER/Desktop/ban_may_bay/assets/script/framework/PoolManager.ts from cce:/internal/x/prerequisite-imports as file:///C:/Users/USER/Desktop/ban_may_bay/assets/script/framework/PoolManager.ts.
debug: Resolve file:///C:/Users/USER/Desktop/ban_may_bay/assets/script/plane/EnemyPlane.ts from cce:/internal/x/prerequisite-imports as file:///C:/Users/USER/Desktop/ban_may_bay/assets/script/plane/EnemyPlane.ts.
debug: Resolve file:///C:/Users/USER/Desktop/ban_may_bay/assets/script/plane/SelfPlane.ts from cce:/internal/x/prerequisite-imports as file:///C:/Users/USER/Desktop/ban_may_bay/assets/script/plane/SelfPlane.ts.
debug: Resolve file:///C:/Users/USER/Desktop/ban_may_bay/assets/script/ui/UIMain.ts from cce:/internal/x/prerequisite-imports as file:///C:/Users/USER/Desktop/ban_may_bay/assets/script/ui/UIMain.ts.
debug: Detected change: file:///C:/Users/USER/Desktop/ban_may_bay/assets/script/MovingSceneBg.ts. Last mtime: Tue Aug 22 2023 14:09:03 GMT+0700 (Indochina Time), Current mtime: Tue Aug 22 2023 20:10:21 GMT+0700 (Indochina Time)
debug: Inspect file:///C:/Users/USER/Desktop/ban_may_bay/assets/script/MovingSceneBg.ts
debug: Detected change: file:///C:/Users/USER/Desktop/ban_may_bay/assets/script/Explode.ts. Last mtime: Tue Aug 22 2023 14:09:03 GMT+0700 (Indochina Time), Current mtime: Tue Aug 22 2023 20:10:13 GMT+0700 (Indochina Time)
debug: Inspect file:///C:/Users/USER/Desktop/ban_may_bay/assets/script/Explode.ts
debug: Detected change: file:///C:/Users/USER/Desktop/ban_may_bay/assets/script/bullet/Bullet.ts. Last mtime: Tue Aug 22 2023 14:09:03 GMT+0700 (Indochina Time), Current mtime: Tue Aug 22 2023 20:08:39 GMT+0700 (Indochina Time)
debug: Inspect file:///C:/Users/USER/Desktop/ban_may_bay/assets/script/bullet/Bullet.ts
debug: Detected change: file:///C:/Users/USER/Desktop/ban_may_bay/assets/script/bullet/BulletProp.ts. Last mtime: Tue Aug 22 2023 14:09:03 GMT+0700 (Indochina Time), Current mtime: Tue Aug 22 2023 20:08:47 GMT+0700 (Indochina Time)
debug: Inspect file:///C:/Users/USER/Desktop/ban_may_bay/assets/script/bullet/BulletProp.ts
debug: Detected change: file:///C:/Users/USER/Desktop/ban_may_bay/assets/script/framework/AudioManager.ts. Last mtime: Tue Aug 22 2023 14:09:03 GMT+0700 (Indochina Time), Current mtime: Tue Aug 22 2023 20:09:04 GMT+0700 (Indochina Time)
debug: Inspect file:///C:/Users/USER/Desktop/ban_may_bay/assets/script/framework/AudioManager.ts
debug: Detected change: file:///C:/Users/USER/Desktop/ban_may_bay/assets/script/framework/Constant.ts. Last mtime: Tue Aug 22 2023 14:09:03 GMT+0700 (Indochina Time), Current mtime: Tue Aug 22 2023 20:09:11 GMT+0700 (Indochina Time)
debug: Inspect file:///C:/Users/USER/Desktop/ban_may_bay/assets/script/framework/Constant.ts
debug: Detected change: file:///C:/Users/USER/Desktop/ban_may_bay/assets/script/framework/GameManager.ts. Last mtime: Tue Aug 22 2023 14:09:03 GMT+0700 (Indochina Time), Current mtime: Tue Aug 22 2023 20:09:27 GMT+0700 (Indochina Time)
debug: Inspect file:///C:/Users/USER/Desktop/ban_may_bay/assets/script/framework/GameManager.ts
debug: Detected change: file:///C:/Users/USER/Desktop/ban_may_bay/assets/script/framework/PoolManager.ts. Last mtime: Tue Aug 22 2023 14:09:03 GMT+0700 (Indochina Time), Current mtime: Tue Aug 22 2023 20:09:36 GMT+0700 (Indochina Time)
debug: Inspect file:///C:/Users/USER/Desktop/ban_may_bay/assets/script/framework/PoolManager.ts
debug: Detected change: file:///C:/Users/USER/Desktop/ban_may_bay/assets/script/plane/EnemyPlane.ts. Last mtime: Tue Aug 22 2023 14:09:03 GMT+0700 (Indochina Time), Current mtime: Tue Aug 22 2023 20:09:47 GMT+0700 (Indochina Time)
debug: Inspect file:///C:/Users/USER/Desktop/ban_may_bay/assets/script/plane/EnemyPlane.ts
debug: Detected change: file:///C:/Users/USER/Desktop/ban_may_bay/assets/script/plane/SelfPlane.ts. Last mtime: Tue Aug 22 2023 14:09:03 GMT+0700 (Indochina Time), Current mtime: Tue Aug 22 2023 20:09:56 GMT+0700 (Indochina Time)
debug: Inspect file:///C:/Users/USER/Desktop/ban_may_bay/assets/script/plane/SelfPlane.ts
debug: Detected change: file:///C:/Users/USER/Desktop/ban_may_bay/assets/script/ui/UIMain.ts. Last mtime: Tue Aug 22 2023 14:09:03 GMT+0700 (Indochina Time), Current mtime: Tue Aug 22 2023 20:10:06 GMT+0700 (Indochina Time)
debug: Inspect file:///C:/Users/USER/Desktop/ban_may_bay/assets/script/ui/UIMain.ts
debug: Resolve cce:/internal/code-quality/cr.mjs from file:///C:/Users/USER/Desktop/ban_may_bay/assets/script/bullet/Bullet.ts as cce:/internal/code-quality/cr.mjs.
debug: Resolve cc from file:///C:/Users/USER/Desktop/ban_may_bay/assets/script/bullet/Bullet.ts as cce:/internal/x/cc.
debug: Resolve cc from file:///C:/Users/USER/Desktop/ban_may_bay/assets/script/bullet/Bullet.ts as cce:/internal/x/cc.
debug: Resolve cce:/internal/code-quality/cr.mjs from file:///C:/Users/USER/Desktop/ban_may_bay/assets/script/Explode.ts as cce:/internal/code-quality/cr.mjs.
debug: Resolve cc from file:///C:/Users/USER/Desktop/ban_may_bay/assets/script/Explode.ts as cce:/internal/x/cc.
debug: Resolve cc from file:///C:/Users/USER/Desktop/ban_may_bay/assets/script/Explode.ts as cce:/internal/x/cc.
debug: Resolve cc from file:///C:/Users/USER/Desktop/ban_may_bay/assets/script/MovingSceneBg.ts as cce:/internal/x/cc.
debug: Resolve cc from file:///C:/Users/USER/Desktop/ban_may_bay/assets/script/MovingSceneBg.ts as cce:/internal/x/cc.
debug: Resolve cc from file:///C:/Users/USER/Desktop/ban_may_bay/assets/script/framework/Constant.ts as cce:/internal/x/cc.
debug: Resolve cc from file:///C:/Users/USER/Desktop/ban_may_bay/assets/script/framework/Constant.ts as cce:/internal/x/cc.
debug: Resolve cc from file:///C:/Users/USER/Desktop/ban_may_bay/assets/script/framework/PoolManager.ts as cce:/internal/x/cc.
debug: Resolve cc from file:///C:/Users/USER/Desktop/ban_may_bay/assets/script/framework/PoolManager.ts as cce:/internal/x/cc.
debug: Resolve cc from file:///C:/Users/USER/Desktop/ban_may_bay/assets/script/framework/AudioManager.ts as cce:/internal/x/cc.
debug: Resolve cc from file:///C:/Users/USER/Desktop/ban_may_bay/assets/script/framework/AudioManager.ts as cce:/internal/x/cc.
debug: Resolve cce:/internal/code-quality/cr.mjs from file:///C:/Users/USER/Desktop/ban_may_bay/assets/script/plane/SelfPlane.ts as cce:/internal/code-quality/cr.mjs.
debug: Resolve cc from file:///C:/Users/USER/Desktop/ban_may_bay/assets/script/plane/SelfPlane.ts as cce:/internal/x/cc.
debug: Resolve cc from file:///C:/Users/USER/Desktop/ban_may_bay/assets/script/plane/SelfPlane.ts as cce:/internal/x/cc.
debug: Resolve cce:/internal/code-quality/cr.mjs from file:///C:/Users/USER/Desktop/ban_may_bay/assets/script/plane/EnemyPlane.ts as cce:/internal/code-quality/cr.mjs.
debug: Resolve cc from file:///C:/Users/USER/Desktop/ban_may_bay/assets/script/plane/EnemyPlane.ts as cce:/internal/x/cc.
debug: Resolve cc from file:///C:/Users/USER/Desktop/ban_may_bay/assets/script/plane/EnemyPlane.ts as cce:/internal/x/cc.
debug: Resolve cce:/internal/code-quality/cr.mjs from file:///C:/Users/USER/Desktop/ban_may_bay/assets/script/bullet/BulletProp.ts as cce:/internal/code-quality/cr.mjs.
debug: Resolve cc from file:///C:/Users/USER/Desktop/ban_may_bay/assets/script/bullet/BulletProp.ts as cce:/internal/x/cc.
debug: Resolve cc from file:///C:/Users/USER/Desktop/ban_may_bay/assets/script/bullet/BulletProp.ts as cce:/internal/x/cc.
debug: Resolve cce:/internal/code-quality/cr.mjs from file:///C:/Users/USER/Desktop/ban_may_bay/assets/script/ui/UIMain.ts as cce:/internal/code-quality/cr.mjs.
debug: Resolve cc from file:///C:/Users/USER/Desktop/ban_may_bay/assets/script/ui/UIMain.ts as cce:/internal/x/cc.
debug: Resolve cc from file:///C:/Users/USER/Desktop/ban_may_bay/assets/script/ui/UIMain.ts as cce:/internal/x/cc.
debug: Resolve cce:/internal/code-quality/cr.mjs from file:///C:/Users/USER/Desktop/ban_may_bay/assets/script/framework/GameManager.ts as cce:/internal/code-quality/cr.mjs.
debug: Resolve cc from file:///C:/Users/USER/Desktop/ban_may_bay/assets/script/framework/GameManager.ts as cce:/internal/x/cc.
debug: Resolve cc from file:///C:/Users/USER/Desktop/ban_may_bay/assets/script/framework/GameManager.ts as cce:/internal/x/cc.
debug: Dispatch build request for time accumulated 9 asset changes.
debug: Resolve ../framework/Constant from file:///C:/Users/USER/Desktop/ban_may_bay/assets/script/bullet/Bullet.ts as file:///C:/Users/USER/Desktop/ban_may_bay/assets/script/framework/Constant.ts.
debug: Resolve ../framework/PoolManager from file:///C:/Users/USER/Desktop/ban_may_bay/assets/script/bullet/Bullet.ts as file:///C:/Users/USER/Desktop/ban_may_bay/assets/script/framework/PoolManager.ts.
debug: Resolve ./framework/PoolManager from file:///C:/Users/USER/Desktop/ban_may_bay/assets/script/Explode.ts as file:///C:/Users/USER/Desktop/ban_may_bay/assets/script/framework/PoolManager.ts.
debug: Resolve ../framework/Constant from file:///C:/Users/USER/Desktop/ban_may_bay/assets/script/plane/SelfPlane.ts as file:///C:/Users/USER/Desktop/ban_may_bay/assets/script/framework/Constant.ts.
debug: Resolve ../framework/Constant from file:///C:/Users/USER/Desktop/ban_may_bay/assets/script/plane/EnemyPlane.ts as file:///C:/Users/USER/Desktop/ban_may_bay/assets/script/framework/Constant.ts.
debug: Resolve ../framework/PoolManager from file:///C:/Users/USER/Desktop/ban_may_bay/assets/script/plane/EnemyPlane.ts as file:///C:/Users/USER/Desktop/ban_may_bay/assets/script/framework/PoolManager.ts.
debug: Resolve ../framework/Constant from file:///C:/Users/USER/Desktop/ban_may_bay/assets/script/bullet/BulletProp.ts as file:///C:/Users/USER/Desktop/ban_may_bay/assets/script/framework/Constant.ts.
debug: Resolve ../framework/PoolManager from file:///C:/Users/USER/Desktop/ban_may_bay/assets/script/bullet/BulletProp.ts as file:///C:/Users/USER/Desktop/ban_may_bay/assets/script/framework/PoolManager.ts.
debug: Resolve ../framework/GameManager from file:///C:/Users/USER/Desktop/ban_may_bay/assets/script/ui/UIMain.ts as file:///C:/Users/USER/Desktop/ban_may_bay/assets/script/framework/GameManager.ts.
debug: Resolve ../bullet/Bullet from file:///C:/Users/USER/Desktop/ban_may_bay/assets/script/framework/GameManager.ts as file:///C:/Users/USER/Desktop/ban_may_bay/assets/script/bullet/Bullet.ts.
debug: Resolve ../bullet/BulletProp from file:///C:/Users/USER/Desktop/ban_may_bay/assets/script/framework/GameManager.ts as file:///C:/Users/USER/Desktop/ban_may_bay/assets/script/bullet/BulletProp.ts.
debug: Resolve ../plane/EnemyPlane from file:///C:/Users/USER/Desktop/ban_may_bay/assets/script/framework/GameManager.ts as file:///C:/Users/USER/Desktop/ban_may_bay/assets/script/plane/EnemyPlane.ts.
debug: Resolve ../plane/SelfPlane from file:///C:/Users/USER/Desktop/ban_may_bay/assets/script/framework/GameManager.ts as file:///C:/Users/USER/Desktop/ban_may_bay/assets/script/plane/SelfPlane.ts.
debug: Resolve ./AudioManager from file:///C:/Users/USER/Desktop/ban_may_bay/assets/script/framework/GameManager.ts as file:///C:/Users/USER/Desktop/ban_may_bay/assets/script/framework/AudioManager.ts.
debug: Resolve ./Constant from file:///C:/Users/USER/Desktop/ban_may_bay/assets/script/framework/GameManager.ts as file:///C:/Users/USER/Desktop/ban_may_bay/assets/script/framework/Constant.ts.
debug: Resolve ./PoolManager from file:///C:/Users/USER/Desktop/ban_may_bay/assets/script/framework/GameManager.ts as file:///C:/Users/USER/Desktop/ban_may_bay/assets/script/framework/PoolManager.ts.
debug: Target(editor) ends with cost 1700.00670003891ms.
debug: Target(preview) build started.
debug: Detected change: cce:/internal/x/prerequisite-imports. Last mtime: Thu Jan 01 1970 07:00:30 GMT+0700 (Indochina Time), Current mtime: Thu Jan 01 1970 07:10:12 GMT+0700 (Indochina Time)
debug: Inspect cce:/internal/x/prerequisite-imports
debug: Resolve file:///C:/Users/USER/Desktop/ban_may_bay/assets/script/Explode.ts from cce:/internal/x/prerequisite-imports as file:///C:/Users/USER/Desktop/ban_may_bay/assets/script/Explode.ts.
debug: Resolve file:///C:/Users/USER/Desktop/ban_may_bay/assets/script/MovingSceneBg.ts from cce:/internal/x/prerequisite-imports as file:///C:/Users/USER/Desktop/ban_may_bay/assets/script/MovingSceneBg.ts.
debug: Resolve file:///C:/Users/USER/Desktop/ban_may_bay/assets/script/bullet/Bullet.ts from cce:/internal/x/prerequisite-imports as file:///C:/Users/USER/Desktop/ban_may_bay/assets/script/bullet/Bullet.ts.
debug: Resolve file:///C:/Users/USER/Desktop/ban_may_bay/assets/script/bullet/BulletProp.ts from cce:/internal/x/prerequisite-imports as file:///C:/Users/USER/Desktop/ban_may_bay/assets/script/bullet/BulletProp.ts.
debug: Resolve file:///C:/Users/USER/Desktop/ban_may_bay/assets/script/framework/AudioManager.ts from cce:/internal/x/prerequisite-imports as file:///C:/Users/USER/Desktop/ban_may_bay/assets/script/framework/AudioManager.ts.
debug: Resolve file:///C:/Users/USER/Desktop/ban_may_bay/assets/script/framework/Constant.ts from cce:/internal/x/prerequisite-imports as file:///C:/Users/USER/Desktop/ban_may_bay/assets/script/framework/Constant.ts.
debug: Resolve file:///C:/Users/USER/Desktop/ban_may_bay/assets/script/framework/GameManager.ts from cce:/internal/x/prerequisite-imports as file:///C:/Users/USER/Desktop/ban_may_bay/assets/script/framework/GameManager.ts.
debug: Resolve file:///C:/Users/USER/Desktop/ban_may_bay/assets/script/framework/PoolManager.ts from cce:/internal/x/prerequisite-imports as file:///C:/Users/USER/Desktop/ban_may_bay/assets/script/framework/PoolManager.ts.
debug: Resolve file:///C:/Users/USER/Desktop/ban_may_bay/assets/script/plane/EnemyPlane.ts from cce:/internal/x/prerequisite-imports as file:///C:/Users/USER/Desktop/ban_may_bay/assets/script/plane/EnemyPlane.ts.
debug: Resolve file:///C:/Users/USER/Desktop/ban_may_bay/assets/script/plane/SelfPlane.ts from cce:/internal/x/prerequisite-imports as file:///C:/Users/USER/Desktop/ban_may_bay/assets/script/plane/SelfPlane.ts.
debug: Resolve file:///C:/Users/USER/Desktop/ban_may_bay/assets/script/ui/UIMain.ts from cce:/internal/x/prerequisite-imports as file:///C:/Users/USER/Desktop/ban_may_bay/assets/script/ui/UIMain.ts.
debug: Detected change: file:///C:/Users/USER/Desktop/ban_may_bay/assets/script/Explode.ts. Last mtime: Tue Aug 22 2023 14:09:03 GMT+0700 (Indochina Time), Current mtime: Tue Aug 22 2023 20:10:13 GMT+0700 (Indochina Time)
debug: Inspect file:///C:/Users/USER/Desktop/ban_may_bay/assets/script/Explode.ts
debug: Detected change: file:///C:/Users/USER/Desktop/ban_may_bay/assets/script/MovingSceneBg.ts. Last mtime: Tue Aug 22 2023 14:09:03 GMT+0700 (Indochina Time), Current mtime: Tue Aug 22 2023 20:10:21 GMT+0700 (Indochina Time)
debug: Inspect file:///C:/Users/USER/Desktop/ban_may_bay/assets/script/MovingSceneBg.ts
debug: Detected change: file:///C:/Users/USER/Desktop/ban_may_bay/assets/script/bullet/Bullet.ts. Last mtime: Tue Aug 22 2023 14:09:03 GMT+0700 (Indochina Time), Current mtime: Tue Aug 22 2023 20:08:39 GMT+0700 (Indochina Time)
debug: Inspect file:///C:/Users/USER/Desktop/ban_may_bay/assets/script/bullet/Bullet.ts
debug: Detected change: file:///C:/Users/USER/Desktop/ban_may_bay/assets/script/bullet/BulletProp.ts. Last mtime: Tue Aug 22 2023 14:09:03 GMT+0700 (Indochina Time), Current mtime: Tue Aug 22 2023 20:08:47 GMT+0700 (Indochina Time)
debug: Inspect file:///C:/Users/USER/Desktop/ban_may_bay/assets/script/bullet/BulletProp.ts
debug: Detected change: file:///C:/Users/USER/Desktop/ban_may_bay/assets/script/framework/AudioManager.ts. Last mtime: Tue Aug 22 2023 14:09:03 GMT+0700 (Indochina Time), Current mtime: Tue Aug 22 2023 20:09:04 GMT+0700 (Indochina Time)
debug: Inspect file:///C:/Users/USER/Desktop/ban_may_bay/assets/script/framework/AudioManager.ts
debug: Detected change: file:///C:/Users/USER/Desktop/ban_may_bay/assets/script/framework/Constant.ts. Last mtime: Tue Aug 22 2023 14:09:03 GMT+0700 (Indochina Time), Current mtime: Tue Aug 22 2023 20:09:11 GMT+0700 (Indochina Time)
debug: Inspect file:///C:/Users/USER/Desktop/ban_may_bay/assets/script/framework/Constant.ts
debug: Detected change: file:///C:/Users/USER/Desktop/ban_may_bay/assets/script/framework/GameManager.ts. Last mtime: Tue Aug 22 2023 14:09:03 GMT+0700 (Indochina Time), Current mtime: Tue Aug 22 2023 20:09:27 GMT+0700 (Indochina Time)
debug: Inspect file:///C:/Users/USER/Desktop/ban_may_bay/assets/script/framework/GameManager.ts
debug: Detected change: file:///C:/Users/USER/Desktop/ban_may_bay/assets/script/framework/PoolManager.ts. Last mtime: Tue Aug 22 2023 14:09:03 GMT+0700 (Indochina Time), Current mtime: Tue Aug 22 2023 20:09:36 GMT+0700 (Indochina Time)
debug: Inspect file:///C:/Users/USER/Desktop/ban_may_bay/assets/script/framework/PoolManager.ts
debug: Detected change: file:///C:/Users/USER/Desktop/ban_may_bay/assets/script/plane/EnemyPlane.ts. Last mtime: Tue Aug 22 2023 14:09:03 GMT+0700 (Indochina Time), Current mtime: Tue Aug 22 2023 20:09:47 GMT+0700 (Indochina Time)
debug: Inspect file:///C:/Users/USER/Desktop/ban_may_bay/assets/script/plane/EnemyPlane.ts
debug: Detected change: file:///C:/Users/USER/Desktop/ban_may_bay/assets/script/plane/SelfPlane.ts. Last mtime: Tue Aug 22 2023 14:09:03 GMT+0700 (Indochina Time), Current mtime: Tue Aug 22 2023 20:09:56 GMT+0700 (Indochina Time)
debug: Inspect file:///C:/Users/USER/Desktop/ban_may_bay/assets/script/plane/SelfPlane.ts
debug: Detected change: file:///C:/Users/USER/Desktop/ban_may_bay/assets/script/ui/UIMain.ts. Last mtime: Tue Aug 22 2023 14:09:03 GMT+0700 (Indochina Time), Current mtime: Tue Aug 22 2023 20:10:06 GMT+0700 (Indochina Time)
debug: Inspect file:///C:/Users/USER/Desktop/ban_may_bay/assets/script/ui/UIMain.ts
debug: Resolve cc from file:///C:/Users/USER/Desktop/ban_may_bay/assets/script/MovingSceneBg.ts as cce:/internal/x/cc.
debug: Resolve cc from file:///C:/Users/USER/Desktop/ban_may_bay/assets/script/MovingSceneBg.ts as cce:/internal/x/cc.
debug: Resolve cce:/internal/code-quality/cr.mjs from file:///C:/Users/USER/Desktop/ban_may_bay/assets/script/Explode.ts as cce:/internal/code-quality/cr.mjs.
debug: Resolve cc from file:///C:/Users/USER/Desktop/ban_may_bay/assets/script/Explode.ts as cce:/internal/x/cc.
debug: Resolve cc from file:///C:/Users/USER/Desktop/ban_may_bay/assets/script/Explode.ts as cce:/internal/x/cc.
debug: Resolve cce:/internal/code-quality/cr.mjs from file:///C:/Users/USER/Desktop/ban_may_bay/assets/script/bullet/Bullet.ts as cce:/internal/code-quality/cr.mjs.
debug: Resolve cc from file:///C:/Users/USER/Desktop/ban_may_bay/assets/script/bullet/Bullet.ts as cce:/internal/x/cc.
debug: Resolve cc from file:///C:/Users/USER/Desktop/ban_may_bay/assets/script/bullet/Bullet.ts as cce:/internal/x/cc.
debug: Resolve cc from file:///C:/Users/USER/Desktop/ban_may_bay/assets/script/framework/Constant.ts as cce:/internal/x/cc.
debug: Resolve cc from file:///C:/Users/USER/Desktop/ban_may_bay/assets/script/framework/Constant.ts as cce:/internal/x/cc.
debug: Resolve cce:/internal/code-quality/cr.mjs from file:///C:/Users/USER/Desktop/ban_may_bay/assets/script/bullet/BulletProp.ts as cce:/internal/code-quality/cr.mjs.
debug: Resolve cc from file:///C:/Users/USER/Desktop/ban_may_bay/assets/script/bullet/BulletProp.ts as cce:/internal/x/cc.
debug: Resolve cc from file:///C:/Users/USER/Desktop/ban_may_bay/assets/script/bullet/BulletProp.ts as cce:/internal/x/cc.
debug: Resolve cce:/internal/code-quality/cr.mjs from file:///C:/Users/USER/Desktop/ban_may_bay/assets/script/framework/GameManager.ts as cce:/internal/code-quality/cr.mjs.
debug: Resolve cc from file:///C:/Users/USER/Desktop/ban_may_bay/assets/script/framework/GameManager.ts as cce:/internal/x/cc.
debug: Resolve cc from file:///C:/Users/USER/Desktop/ban_may_bay/assets/script/framework/GameManager.ts as cce:/internal/x/cc.
debug: Resolve cce:/internal/code-quality/cr.mjs from file:///C:/Users/USER/Desktop/ban_may_bay/assets/script/plane/EnemyPlane.ts as cce:/internal/code-quality/cr.mjs.
debug: Resolve cc from file:///C:/Users/USER/Desktop/ban_may_bay/assets/script/plane/EnemyPlane.ts as cce:/internal/x/cc.
debug: Resolve cc from file:///C:/Users/USER/Desktop/ban_may_bay/assets/script/plane/EnemyPlane.ts as cce:/internal/x/cc.
debug: Resolve cc from file:///C:/Users/USER/Desktop/ban_may_bay/assets/script/framework/PoolManager.ts as cce:/internal/x/cc.
debug: Resolve cc from file:///C:/Users/USER/Desktop/ban_may_bay/assets/script/framework/PoolManager.ts as cce:/internal/x/cc.
debug: Resolve cce:/internal/code-quality/cr.mjs from file:///C:/Users/USER/Desktop/ban_may_bay/assets/script/plane/SelfPlane.ts as cce:/internal/code-quality/cr.mjs.
debug: Resolve cc from file:///C:/Users/USER/Desktop/ban_may_bay/assets/script/plane/SelfPlane.ts as cce:/internal/x/cc.
debug: Resolve cc from file:///C:/Users/USER/Desktop/ban_may_bay/assets/script/plane/SelfPlane.ts as cce:/internal/x/cc.
debug: Resolve cc from file:///C:/Users/USER/Desktop/ban_may_bay/assets/script/framework/AudioManager.ts as cce:/internal/x/cc.
debug: Resolve cc from file:///C:/Users/USER/Desktop/ban_may_bay/assets/script/framework/AudioManager.ts as cce:/internal/x/cc.
debug: Resolve cce:/internal/code-quality/cr.mjs from file:///C:/Users/USER/Desktop/ban_may_bay/assets/script/ui/UIMain.ts as cce:/internal/code-quality/cr.mjs.
debug: Resolve cc from file:///C:/Users/USER/Desktop/ban_may_bay/assets/script/ui/UIMain.ts as cce:/internal/x/cc.
debug: Resolve cc from file:///C:/Users/USER/Desktop/ban_may_bay/assets/script/ui/UIMain.ts as cce:/internal/x/cc.
debug: Resolve ./framework/PoolManager from file:///C:/Users/USER/Desktop/ban_may_bay/assets/script/Explode.ts as file:///C:/Users/USER/Desktop/ban_may_bay/assets/script/framework/PoolManager.ts.
debug: Resolve ../framework/Constant from file:///C:/Users/USER/Desktop/ban_may_bay/assets/script/bullet/Bullet.ts as file:///C:/Users/USER/Desktop/ban_may_bay/assets/script/framework/Constant.ts.
debug: Resolve ../framework/PoolManager from file:///C:/Users/USER/Desktop/ban_may_bay/assets/script/bullet/Bullet.ts as file:///C:/Users/USER/Desktop/ban_may_bay/assets/script/framework/PoolManager.ts.
debug: Resolve ../framework/Constant from file:///C:/Users/USER/Desktop/ban_may_bay/assets/script/bullet/BulletProp.ts as file:///C:/Users/USER/Desktop/ban_may_bay/assets/script/framework/Constant.ts.
debug: Resolve ../framework/PoolManager from file:///C:/Users/USER/Desktop/ban_may_bay/assets/script/bullet/BulletProp.ts as file:///C:/Users/USER/Desktop/ban_may_bay/assets/script/framework/PoolManager.ts.
debug: Resolve ../bullet/Bullet from file:///C:/Users/USER/Desktop/ban_may_bay/assets/script/framework/GameManager.ts as file:///C:/Users/USER/Desktop/ban_may_bay/assets/script/bullet/Bullet.ts.
debug: Resolve ../bullet/BulletProp from file:///C:/Users/USER/Desktop/ban_may_bay/assets/script/framework/GameManager.ts as file:///C:/Users/USER/Desktop/ban_may_bay/assets/script/bullet/BulletProp.ts.
debug: Resolve ../plane/EnemyPlane from file:///C:/Users/USER/Desktop/ban_may_bay/assets/script/framework/GameManager.ts as file:///C:/Users/USER/Desktop/ban_may_bay/assets/script/plane/EnemyPlane.ts.
debug: Resolve ../plane/SelfPlane from file:///C:/Users/USER/Desktop/ban_may_bay/assets/script/framework/GameManager.ts as file:///C:/Users/USER/Desktop/ban_may_bay/assets/script/plane/SelfPlane.ts.
debug: Resolve ./AudioManager from file:///C:/Users/USER/Desktop/ban_may_bay/assets/script/framework/GameManager.ts as file:///C:/Users/USER/Desktop/ban_may_bay/assets/script/framework/AudioManager.ts.
debug: Resolve ./Constant from file:///C:/Users/USER/Desktop/ban_may_bay/assets/script/framework/GameManager.ts as file:///C:/Users/USER/Desktop/ban_may_bay/assets/script/framework/Constant.ts.
debug: Resolve ./PoolManager from file:///C:/Users/USER/Desktop/ban_may_bay/assets/script/framework/GameManager.ts as file:///C:/Users/USER/Desktop/ban_may_bay/assets/script/framework/PoolManager.ts.
debug: Resolve ../framework/Constant from file:///C:/Users/USER/Desktop/ban_may_bay/assets/script/plane/EnemyPlane.ts as file:///C:/Users/USER/Desktop/ban_may_bay/assets/script/framework/Constant.ts.
debug: Resolve ../framework/PoolManager from file:///C:/Users/USER/Desktop/ban_may_bay/assets/script/plane/EnemyPlane.ts as file:///C:/Users/USER/Desktop/ban_may_bay/assets/script/framework/PoolManager.ts.
debug: Resolve ../framework/Constant from file:///C:/Users/USER/Desktop/ban_may_bay/assets/script/plane/SelfPlane.ts as file:///C:/Users/USER/Desktop/ban_may_bay/assets/script/framework/Constant.ts.
debug: Resolve ../framework/GameManager from file:///C:/Users/USER/Desktop/ban_may_bay/assets/script/ui/UIMain.ts as file:///C:/Users/USER/Desktop/ban_may_bay/assets/script/framework/GameManager.ts.
debug: Target(preview) ends with cost 2000.7905000448227ms.
debug: Build iteration starts.
Number of accumulated asset changes: 9
Feature changed: false
debug: Target(editor) build started.
debug: Detected change: cce:/internal/x/prerequisite-imports. Last mtime: Thu Jan 01 1970 07:10:10 GMT+0700 (Indochina Time), Current mtime: Thu Jan 01 1970 07:10:14 GMT+0700 (Indochina Time)
debug: Inspect cce:/internal/x/prerequisite-imports
debug: Resolve file:///C:/Users/USER/Desktop/ban_may_bay/assets/script/Explode.ts from cce:/internal/x/prerequisite-imports as file:///C:/Users/USER/Desktop/ban_may_bay/assets/script/Explode.ts.
debug: Resolve file:///C:/Users/USER/Desktop/ban_may_bay/assets/script/MovingSceneBg.ts from cce:/internal/x/prerequisite-imports as file:///C:/Users/USER/Desktop/ban_may_bay/assets/script/MovingSceneBg.ts.
debug: Resolve file:///C:/Users/USER/Desktop/ban_may_bay/assets/script/bullet/Bullet.ts from cce:/internal/x/prerequisite-imports as file:///C:/Users/USER/Desktop/ban_may_bay/assets/script/bullet/Bullet.ts.
debug: Resolve file:///C:/Users/USER/Desktop/ban_may_bay/assets/script/bullet/BulletProp.ts from cce:/internal/x/prerequisite-imports as file:///C:/Users/USER/Desktop/ban_may_bay/assets/script/bullet/BulletProp.ts.
debug: Resolve file:///C:/Users/USER/Desktop/ban_may_bay/assets/script/framework/AudioManager.ts from cce:/internal/x/prerequisite-imports as file:///C:/Users/USER/Desktop/ban_may_bay/assets/script/framework/AudioManager.ts.
debug: Resolve file:///C:/Users/USER/Desktop/ban_may_bay/assets/script/framework/Constant.ts from cce:/internal/x/prerequisite-imports as file:///C:/Users/USER/Desktop/ban_may_bay/assets/script/framework/Constant.ts.
debug: Resolve file:///C:/Users/USER/Desktop/ban_may_bay/assets/script/framework/GameManager.ts from cce:/internal/x/prerequisite-imports as file:///C:/Users/USER/Desktop/ban_may_bay/assets/script/framework/GameManager.ts.
debug: Resolve file:///C:/Users/USER/Desktop/ban_may_bay/assets/script/framework/PoolManager.ts from cce:/internal/x/prerequisite-imports as file:///C:/Users/USER/Desktop/ban_may_bay/assets/script/framework/PoolManager.ts.
debug: Resolve file:///C:/Users/USER/Desktop/ban_may_bay/assets/script/plane/EnemyPlane.ts from cce:/internal/x/prerequisite-imports as file:///C:/Users/USER/Desktop/ban_may_bay/assets/script/plane/EnemyPlane.ts.
debug: Resolve file:///C:/Users/USER/Desktop/ban_may_bay/assets/script/plane/SelfPlane.ts from cce:/internal/x/prerequisite-imports as file:///C:/Users/USER/Desktop/ban_may_bay/assets/script/plane/SelfPlane.ts.
debug: Resolve file:///C:/Users/USER/Desktop/ban_may_bay/assets/script/ui/UIMain.ts from cce:/internal/x/prerequisite-imports as file:///C:/Users/USER/Desktop/ban_may_bay/assets/script/ui/UIMain.ts.
debug: Target(editor) ends with cost 52.71909999847412ms.
debug: Target(preview) build started.
debug: Detected change: cce:/internal/x/prerequisite-imports. Last mtime: Thu Jan 01 1970 07:10:12 GMT+0700 (Indochina Time), Current mtime: Thu Jan 01 1970 07:10:14 GMT+0700 (Indochina Time)
debug: Inspect cce:/internal/x/prerequisite-imports
debug: Resolve file:///C:/Users/USER/Desktop/ban_may_bay/assets/script/Explode.ts from cce:/internal/x/prerequisite-imports as file:///C:/Users/USER/Desktop/ban_may_bay/assets/script/Explode.ts.
debug: Resolve file:///C:/Users/USER/Desktop/ban_may_bay/assets/script/MovingSceneBg.ts from cce:/internal/x/prerequisite-imports as file:///C:/Users/USER/Desktop/ban_may_bay/assets/script/MovingSceneBg.ts.
debug: Resolve file:///C:/Users/USER/Desktop/ban_may_bay/assets/script/bullet/Bullet.ts from cce:/internal/x/prerequisite-imports as file:///C:/Users/USER/Desktop/ban_may_bay/assets/script/bullet/Bullet.ts.
debug: Resolve file:///C:/Users/USER/Desktop/ban_may_bay/assets/script/bullet/BulletProp.ts from cce:/internal/x/prerequisite-imports as file:///C:/Users/USER/Desktop/ban_may_bay/assets/script/bullet/BulletProp.ts.
debug: Resolve file:///C:/Users/USER/Desktop/ban_may_bay/assets/script/framework/Constant.ts from cce:/internal/x/prerequisite-imports as file:///C:/Users/USER/Desktop/ban_may_bay/assets/script/framework/Constant.ts.
debug: Resolve file:///C:/Users/USER/Desktop/ban_may_bay/assets/script/framework/GameManager.ts from cce:/internal/x/prerequisite-imports as file:///C:/Users/USER/Desktop/ban_may_bay/assets/script/framework/GameManager.ts.
debug: Resolve file:///C:/Users/USER/Desktop/ban_may_bay/assets/script/framework/PoolManager.ts from cce:/internal/x/prerequisite-imports as file:///C:/Users/USER/Desktop/ban_may_bay/assets/script/framework/PoolManager.ts.
debug: Resolve file:///C:/Users/USER/Desktop/ban_may_bay/assets/script/plane/EnemyPlane.ts from cce:/internal/x/prerequisite-imports as file:///C:/Users/USER/Desktop/ban_may_bay/assets/script/plane/EnemyPlane.ts.
debug: Resolve file:///C:/Users/USER/Desktop/ban_may_bay/assets/script/plane/SelfPlane.ts from cce:/internal/x/prerequisite-imports as file:///C:/Users/USER/Desktop/ban_may_bay/assets/script/plane/SelfPlane.ts.
debug: Resolve file:///C:/Users/USER/Desktop/ban_may_bay/assets/script/ui/UIMain.ts from cce:/internal/x/prerequisite-imports as file:///C:/Users/USER/Desktop/ban_may_bay/assets/script/ui/UIMain.ts.
debug: Resolve file:///C:/Users/USER/Desktop/ban_may_bay/assets/script/framework/AudioManager.ts from cce:/internal/x/prerequisite-imports as file:///C:/Users/USER/Desktop/ban_may_bay/assets/script/framework/AudioManager.ts.
debug: Target(preview) ends with cost 64.06720006465912ms.
debug: Dispatch build request for time accumulated 8 asset changes.
debug: Build iteration starts.
Number of accumulated asset changes: 8
Feature changed: false
debug: Target(editor) build started.
debug: Detected change: cce:/internal/x/prerequisite-imports. Last mtime: Thu Jan 01 1970 07:10:14 GMT+0700 (Indochina Time), Current mtime: Thu Jan 01 1970 07:11:54 GMT+0700 (Indochina Time)
debug: Inspect cce:/internal/x/prerequisite-imports
debug: Resolve file:///C:/Users/USER/Desktop/ban_may_bay/assets/script/Explode.ts from cce:/internal/x/prerequisite-imports as file:///C:/Users/USER/Desktop/ban_may_bay/assets/script/Explode.ts.
debug: Resolve file:///C:/Users/USER/Desktop/ban_may_bay/assets/script/MovingSceneBg.ts from cce:/internal/x/prerequisite-imports as file:///C:/Users/USER/Desktop/ban_may_bay/assets/script/MovingSceneBg.ts.
debug: Resolve file:///C:/Users/USER/Desktop/ban_may_bay/assets/script/bullet/Bullet.ts from cce:/internal/x/prerequisite-imports as file:///C:/Users/USER/Desktop/ban_may_bay/assets/script/bullet/Bullet.ts.
debug: Resolve file:///C:/Users/USER/Desktop/ban_may_bay/assets/script/bullet/BulletProp.ts from cce:/internal/x/prerequisite-imports as file:///C:/Users/USER/Desktop/ban_may_bay/assets/script/bullet/BulletProp.ts.
debug: Resolve file:///C:/Users/USER/Desktop/ban_may_bay/assets/script/framework/AudioManager.ts from cce:/internal/x/prerequisite-imports as file:///C:/Users/USER/Desktop/ban_may_bay/assets/script/framework/AudioManager.ts.
debug: Resolve file:///C:/Users/USER/Desktop/ban_may_bay/assets/script/framework/Constant.ts from cce:/internal/x/prerequisite-imports as file:///C:/Users/USER/Desktop/ban_may_bay/assets/script/framework/Constant.ts.
debug: Resolve file:///C:/Users/USER/Desktop/ban_may_bay/assets/script/framework/PoolManager.ts from cce:/internal/x/prerequisite-imports as file:///C:/Users/USER/Desktop/ban_may_bay/assets/script/framework/PoolManager.ts.
debug: Resolve file:///C:/Users/USER/Desktop/ban_may_bay/assets/script/plane/EnemyPlane.ts from cce:/internal/x/prerequisite-imports as file:///C:/Users/USER/Desktop/ban_may_bay/assets/script/plane/EnemyPlane.ts.
debug: Resolve file:///C:/Users/USER/Desktop/ban_may_bay/assets/script/framework/GameManager.ts from cce:/internal/x/prerequisite-imports as file:///C:/Users/USER/Desktop/ban_may_bay/assets/script/framework/GameManager.ts.
debug: Resolve file:///C:/Users/USER/Desktop/ban_may_bay/assets/script/plane/SelfPlane.ts from cce:/internal/x/prerequisite-imports as file:///C:/Users/USER/Desktop/ban_may_bay/assets/script/plane/SelfPlane.ts.
debug: Resolve file:///C:/Users/USER/Desktop/ban_may_bay/assets/script/ui/UIMain.ts from cce:/internal/x/prerequisite-imports as file:///C:/Users/USER/Desktop/ban_may_bay/assets/script/ui/UIMain.ts.
debug: Detected change: file:///C:/Users/USER/Desktop/ban_may_bay/assets/script/Explode.ts. Last mtime: Tue Aug 22 2023 20:10:13 GMT+0700 (Indochina Time), Current mtime: Tue Aug 22 2023 20:11:42 GMT+0700 (Indochina Time)
debug: Inspect file:///C:/Users/USER/Desktop/ban_may_bay/assets/script/Explode.ts
debug: Detected change: file:///C:/Users/USER/Desktop/ban_may_bay/assets/script/MovingSceneBg.ts. Last mtime: Tue Aug 22 2023 20:10:21 GMT+0700 (Indochina Time), Current mtime: Tue Aug 22 2023 20:11:51 GMT+0700 (Indochina Time)
debug: Inspect file:///C:/Users/USER/Desktop/ban_may_bay/assets/script/MovingSceneBg.ts
debug: Detected change: file:///C:/Users/USER/Desktop/ban_may_bay/assets/script/bullet/Bullet.ts. Last mtime: Tue Aug 22 2023 20:08:39 GMT+0700 (Indochina Time), Current mtime: Tue Aug 22 2023 20:10:52 GMT+0700 (Indochina Time)
debug: Inspect file:///C:/Users/USER/Desktop/ban_may_bay/assets/script/bullet/Bullet.ts
debug: Detected change: file:///C:/Users/USER/Desktop/ban_may_bay/assets/script/bullet/BulletProp.ts. Last mtime: Tue Aug 22 2023 20:08:47 GMT+0700 (Indochina Time), Current mtime: Tue Aug 22 2023 20:10:59 GMT+0700 (Indochina Time)
debug: Inspect file:///C:/Users/USER/Desktop/ban_may_bay/assets/script/bullet/BulletProp.ts
debug: Detected change: file:///C:/Users/USER/Desktop/ban_may_bay/assets/script/plane/EnemyPlane.ts. Last mtime: Tue Aug 22 2023 20:09:47 GMT+0700 (Indochina Time), Current mtime: Tue Aug 22 2023 20:11:27 GMT+0700 (Indochina Time)
debug: Inspect file:///C:/Users/USER/Desktop/ban_may_bay/assets/script/plane/EnemyPlane.ts
debug: Detected change: file:///C:/Users/USER/Desktop/ban_may_bay/assets/script/framework/GameManager.ts. Last mtime: Tue Aug 22 2023 20:09:27 GMT+0700 (Indochina Time), Current mtime: Tue Aug 22 2023 20:11:17 GMT+0700 (Indochina Time)
debug: Inspect file:///C:/Users/USER/Desktop/ban_may_bay/assets/script/framework/GameManager.ts
debug: Detected change: file:///C:/Users/USER/Desktop/ban_may_bay/assets/script/plane/SelfPlane.ts. Last mtime: Tue Aug 22 2023 20:09:56 GMT+0700 (Indochina Time), Current mtime: Tue Aug 22 2023 20:11:32 GMT+0700 (Indochina Time)
debug: Inspect file:///C:/Users/USER/Desktop/ban_may_bay/assets/script/plane/SelfPlane.ts
debug: Detected change: file:///C:/Users/USER/Desktop/ban_may_bay/assets/script/ui/UIMain.ts. Last mtime: Tue Aug 22 2023 20:10:06 GMT+0700 (Indochina Time), Current mtime: Tue Aug 22 2023 20:11:38 GMT+0700 (Indochina Time)
debug: Inspect file:///C:/Users/USER/Desktop/ban_may_bay/assets/script/ui/UIMain.ts
debug: Resolve cce:/internal/code-quality/cr.mjs from file:///C:/Users/USER/Desktop/ban_may_bay/assets/script/Explode.ts as cce:/internal/code-quality/cr.mjs.
debug: Resolve cc from file:///C:/Users/USER/Desktop/ban_may_bay/assets/script/Explode.ts as cce:/internal/x/cc.
debug: Resolve cc from file:///C:/Users/USER/Desktop/ban_may_bay/assets/script/Explode.ts as cce:/internal/x/cc.
debug: Resolve cc from file:///C:/Users/USER/Desktop/ban_may_bay/assets/script/MovingSceneBg.ts as cce:/internal/x/cc.
debug: Resolve cc from file:///C:/Users/USER/Desktop/ban_may_bay/assets/script/MovingSceneBg.ts as cce:/internal/x/cc.
debug: Resolve cce:/internal/code-quality/cr.mjs from file:///C:/Users/USER/Desktop/ban_may_bay/assets/script/bullet/Bullet.ts as cce:/internal/code-quality/cr.mjs.
debug: Resolve cc from file:///C:/Users/USER/Desktop/ban_may_bay/assets/script/bullet/Bullet.ts as cce:/internal/x/cc.
debug: Resolve cc from file:///C:/Users/USER/Desktop/ban_may_bay/assets/script/bullet/Bullet.ts as cce:/internal/x/cc.
debug: Resolve cce:/internal/code-quality/cr.mjs from file:///C:/Users/USER/Desktop/ban_may_bay/assets/script/framework/GameManager.ts as cce:/internal/code-quality/cr.mjs.
debug: Resolve cc from file:///C:/Users/USER/Desktop/ban_may_bay/assets/script/framework/GameManager.ts as cce:/internal/x/cc.
debug: Resolve cc from file:///C:/Users/USER/Desktop/ban_may_bay/assets/script/framework/GameManager.ts as cce:/internal/x/cc.
debug: Resolve cce:/internal/code-quality/cr.mjs from file:///C:/Users/USER/Desktop/ban_may_bay/assets/script/bullet/BulletProp.ts as cce:/internal/code-quality/cr.mjs.
debug: Resolve cc from file:///C:/Users/USER/Desktop/ban_may_bay/assets/script/bullet/BulletProp.ts as cce:/internal/x/cc.
debug: Resolve cc from file:///C:/Users/USER/Desktop/ban_may_bay/assets/script/bullet/BulletProp.ts as cce:/internal/x/cc.
debug: Resolve cce:/internal/code-quality/cr.mjs from file:///C:/Users/USER/Desktop/ban_may_bay/assets/script/plane/EnemyPlane.ts as cce:/internal/code-quality/cr.mjs.
debug: Resolve cc from file:///C:/Users/USER/Desktop/ban_may_bay/assets/script/plane/EnemyPlane.ts as cce:/internal/x/cc.
debug: Resolve cc from file:///C:/Users/USER/Desktop/ban_may_bay/assets/script/plane/EnemyPlane.ts as cce:/internal/x/cc.
debug: Resolve cce:/internal/code-quality/cr.mjs from file:///C:/Users/USER/Desktop/ban_may_bay/assets/script/plane/SelfPlane.ts as cce:/internal/code-quality/cr.mjs.
debug: Resolve cc from file:///C:/Users/USER/Desktop/ban_may_bay/assets/script/plane/SelfPlane.ts as cce:/internal/x/cc.
debug: Resolve cc from file:///C:/Users/USER/Desktop/ban_may_bay/assets/script/plane/SelfPlane.ts as cce:/internal/x/cc.
debug: Resolve cce:/internal/code-quality/cr.mjs from file:///C:/Users/USER/Desktop/ban_may_bay/assets/script/ui/UIMain.ts as cce:/internal/code-quality/cr.mjs.
debug: Resolve cc from file:///C:/Users/USER/Desktop/ban_may_bay/assets/script/ui/UIMain.ts as cce:/internal/x/cc.
debug: Resolve cc from file:///C:/Users/USER/Desktop/ban_may_bay/assets/script/ui/UIMain.ts as cce:/internal/x/cc.
debug: Resolve ./framework/PoolManager from file:///C:/Users/USER/Desktop/ban_may_bay/assets/script/Explode.ts as file:///C:/Users/USER/Desktop/ban_may_bay/assets/script/framework/PoolManager.ts.
debug: Resolve ../framework/Constant from file:///C:/Users/USER/Desktop/ban_may_bay/assets/script/bullet/Bullet.ts as file:///C:/Users/USER/Desktop/ban_may_bay/assets/script/framework/Constant.ts.
debug: Resolve ../framework/PoolManager from file:///C:/Users/USER/Desktop/ban_may_bay/assets/script/bullet/Bullet.ts as file:///C:/Users/USER/Desktop/ban_may_bay/assets/script/framework/PoolManager.ts.
debug: Resolve ../bullet/Bullet from file:///C:/Users/USER/Desktop/ban_may_bay/assets/script/framework/GameManager.ts as file:///C:/Users/USER/Desktop/ban_may_bay/assets/script/bullet/Bullet.ts.
debug: Resolve ../bullet/BulletProp from file:///C:/Users/USER/Desktop/ban_may_bay/assets/script/framework/GameManager.ts as file:///C:/Users/USER/Desktop/ban_may_bay/assets/script/bullet/BulletProp.ts.
debug: Resolve ../plane/EnemyPlane from file:///C:/Users/USER/Desktop/ban_may_bay/assets/script/framework/GameManager.ts as file:///C:/Users/USER/Desktop/ban_may_bay/assets/script/plane/EnemyPlane.ts.
debug: Resolve ../plane/SelfPlane from file:///C:/Users/USER/Desktop/ban_may_bay/assets/script/framework/GameManager.ts as file:///C:/Users/USER/Desktop/ban_may_bay/assets/script/plane/SelfPlane.ts.
debug: Resolve ./AudioManager from file:///C:/Users/USER/Desktop/ban_may_bay/assets/script/framework/GameManager.ts as file:///C:/Users/USER/Desktop/ban_may_bay/assets/script/framework/AudioManager.ts.
debug: Resolve ./Constant from file:///C:/Users/USER/Desktop/ban_may_bay/assets/script/framework/GameManager.ts as file:///C:/Users/USER/Desktop/ban_may_bay/assets/script/framework/Constant.ts.
debug: Resolve ./PoolManager from file:///C:/Users/USER/Desktop/ban_may_bay/assets/script/framework/GameManager.ts as file:///C:/Users/USER/Desktop/ban_may_bay/assets/script/framework/PoolManager.ts.
debug: Resolve ../framework/Constant from file:///C:/Users/USER/Desktop/ban_may_bay/assets/script/bullet/BulletProp.ts as file:///C:/Users/USER/Desktop/ban_may_bay/assets/script/framework/Constant.ts.
debug: Resolve ../framework/PoolManager from file:///C:/Users/USER/Desktop/ban_may_bay/assets/script/bullet/BulletProp.ts as file:///C:/Users/USER/Desktop/ban_may_bay/assets/script/framework/PoolManager.ts.
debug: Resolve ../framework/Constant from file:///C:/Users/USER/Desktop/ban_may_bay/assets/script/plane/EnemyPlane.ts as file:///C:/Users/USER/Desktop/ban_may_bay/assets/script/framework/Constant.ts.
debug: Resolve ../framework/PoolManager from file:///C:/Users/USER/Desktop/ban_may_bay/assets/script/plane/EnemyPlane.ts as file:///C:/Users/USER/Desktop/ban_may_bay/assets/script/framework/PoolManager.ts.
debug: Resolve ../framework/Constant from file:///C:/Users/USER/Desktop/ban_may_bay/assets/script/plane/SelfPlane.ts as file:///C:/Users/USER/Desktop/ban_may_bay/assets/script/framework/Constant.ts.
debug: Resolve ../framework/GameManager from file:///C:/Users/USER/Desktop/ban_may_bay/assets/script/ui/UIMain.ts as file:///C:/Users/USER/Desktop/ban_may_bay/assets/script/framework/GameManager.ts.
debug: Target(editor) ends with cost 910.430899977684ms.
debug: Target(preview) build started.
debug: Detected change: cce:/internal/x/prerequisite-imports. Last mtime: Thu Jan 01 1970 07:10:14 GMT+0700 (Indochina Time), Current mtime: Thu Jan 01 1970 07:11:55 GMT+0700 (Indochina Time)
debug: Inspect cce:/internal/x/prerequisite-imports
debug: Resolve file:///C:/Users/USER/Desktop/ban_may_bay/assets/script/Explode.ts from cce:/internal/x/prerequisite-imports as file:///C:/Users/USER/Desktop/ban_may_bay/assets/script/Explode.ts.
debug: Resolve file:///C:/Users/USER/Desktop/ban_may_bay/assets/script/MovingSceneBg.ts from cce:/internal/x/prerequisite-imports as file:///C:/Users/USER/Desktop/ban_may_bay/assets/script/MovingSceneBg.ts.
debug: Resolve file:///C:/Users/USER/Desktop/ban_may_bay/assets/script/bullet/Bullet.ts from cce:/internal/x/prerequisite-imports as file:///C:/Users/USER/Desktop/ban_may_bay/assets/script/bullet/Bullet.ts.
debug: Resolve file:///C:/Users/USER/Desktop/ban_may_bay/assets/script/bullet/BulletProp.ts from cce:/internal/x/prerequisite-imports as file:///C:/Users/USER/Desktop/ban_may_bay/assets/script/bullet/BulletProp.ts.
debug: Resolve file:///C:/Users/USER/Desktop/ban_may_bay/assets/script/framework/AudioManager.ts from cce:/internal/x/prerequisite-imports as file:///C:/Users/USER/Desktop/ban_may_bay/assets/script/framework/AudioManager.ts.
debug: Resolve file:///C:/Users/USER/Desktop/ban_may_bay/assets/script/framework/Constant.ts from cce:/internal/x/prerequisite-imports as file:///C:/Users/USER/Desktop/ban_may_bay/assets/script/framework/Constant.ts.
debug: Resolve file:///C:/Users/USER/Desktop/ban_may_bay/assets/script/framework/GameManager.ts from cce:/internal/x/prerequisite-imports as file:///C:/Users/USER/Desktop/ban_may_bay/assets/script/framework/GameManager.ts.
debug: Resolve file:///C:/Users/USER/Desktop/ban_may_bay/assets/script/framework/PoolManager.ts from cce:/internal/x/prerequisite-imports as file:///C:/Users/USER/Desktop/ban_may_bay/assets/script/framework/PoolManager.ts.
debug: Resolve file:///C:/Users/USER/Desktop/ban_may_bay/assets/script/plane/EnemyPlane.ts from cce:/internal/x/prerequisite-imports as file:///C:/Users/USER/Desktop/ban_may_bay/assets/script/plane/EnemyPlane.ts.
debug: Resolve file:///C:/Users/USER/Desktop/ban_may_bay/assets/script/plane/SelfPlane.ts from cce:/internal/x/prerequisite-imports as file:///C:/Users/USER/Desktop/ban_may_bay/assets/script/plane/SelfPlane.ts.
debug: Resolve file:///C:/Users/USER/Desktop/ban_may_bay/assets/script/ui/UIMain.ts from cce:/internal/x/prerequisite-imports as file:///C:/Users/USER/Desktop/ban_may_bay/assets/script/ui/UIMain.ts.
debug: Detected change: file:///C:/Users/USER/Desktop/ban_may_bay/assets/script/Explode.ts. Last mtime: Tue Aug 22 2023 20:10:13 GMT+0700 (Indochina Time), Current mtime: Tue Aug 22 2023 20:11:42 GMT+0700 (Indochina Time)
debug: Inspect file:///C:/Users/USER/Desktop/ban_may_bay/assets/script/Explode.ts
debug: Detected change: file:///C:/Users/USER/Desktop/ban_may_bay/assets/script/MovingSceneBg.ts. Last mtime: Tue Aug 22 2023 20:10:21 GMT+0700 (Indochina Time), Current mtime: Tue Aug 22 2023 20:11:51 GMT+0700 (Indochina Time)
debug: Inspect file:///C:/Users/USER/Desktop/ban_may_bay/assets/script/MovingSceneBg.ts
debug: Detected change: file:///C:/Users/USER/Desktop/ban_may_bay/assets/script/bullet/Bullet.ts. Last mtime: Tue Aug 22 2023 20:08:39 GMT+0700 (Indochina Time), Current mtime: Tue Aug 22 2023 20:10:52 GMT+0700 (Indochina Time)
debug: Inspect file:///C:/Users/USER/Desktop/ban_may_bay/assets/script/bullet/Bullet.ts
debug: Detected change: file:///C:/Users/USER/Desktop/ban_may_bay/assets/script/bullet/BulletProp.ts. Last mtime: Tue Aug 22 2023 20:08:47 GMT+0700 (Indochina Time), Current mtime: Tue Aug 22 2023 20:10:59 GMT+0700 (Indochina Time)
debug: Inspect file:///C:/Users/USER/Desktop/ban_may_bay/assets/script/bullet/BulletProp.ts
debug: Detected change: file:///C:/Users/USER/Desktop/ban_may_bay/assets/script/framework/GameManager.ts. Last mtime: Tue Aug 22 2023 20:09:27 GMT+0700 (Indochina Time), Current mtime: Tue Aug 22 2023 20:11:17 GMT+0700 (Indochina Time)
debug: Inspect file:///C:/Users/USER/Desktop/ban_may_bay/assets/script/framework/GameManager.ts
debug: Detected change: file:///C:/Users/USER/Desktop/ban_may_bay/assets/script/plane/EnemyPlane.ts. Last mtime: Tue Aug 22 2023 20:09:47 GMT+0700 (Indochina Time), Current mtime: Tue Aug 22 2023 20:11:27 GMT+0700 (Indochina Time)
debug: Inspect file:///C:/Users/USER/Desktop/ban_may_bay/assets/script/plane/EnemyPlane.ts
debug: Detected change: file:///C:/Users/USER/Desktop/ban_may_bay/assets/script/plane/SelfPlane.ts. Last mtime: Tue Aug 22 2023 20:09:56 GMT+0700 (Indochina Time), Current mtime: Tue Aug 22 2023 20:11:32 GMT+0700 (Indochina Time)
debug: Inspect file:///C:/Users/USER/Desktop/ban_may_bay/assets/script/plane/SelfPlane.ts
debug: Detected change: file:///C:/Users/USER/Desktop/ban_may_bay/assets/script/ui/UIMain.ts. Last mtime: Tue Aug 22 2023 20:10:06 GMT+0700 (Indochina Time), Current mtime: Tue Aug 22 2023 20:11:38 GMT+0700 (Indochina Time)
debug: Inspect file:///C:/Users/USER/Desktop/ban_may_bay/assets/script/ui/UIMain.ts
debug: Resolve cce:/internal/code-quality/cr.mjs from file:///C:/Users/USER/Desktop/ban_may_bay/assets/script/bullet/BulletProp.ts as cce:/internal/code-quality/cr.mjs.
debug: Resolve cc from file:///C:/Users/USER/Desktop/ban_may_bay/assets/script/bullet/BulletProp.ts as cce:/internal/x/cc.
debug: Resolve cc from file:///C:/Users/USER/Desktop/ban_may_bay/assets/script/bullet/BulletProp.ts as cce:/internal/x/cc.
debug: Resolve cc from file:///C:/Users/USER/Desktop/ban_may_bay/assets/script/MovingSceneBg.ts as cce:/internal/x/cc.
debug: Resolve cc from file:///C:/Users/USER/Desktop/ban_may_bay/assets/script/MovingSceneBg.ts as cce:/internal/x/cc.
debug: Resolve cce:/internal/code-quality/cr.mjs from file:///C:/Users/USER/Desktop/ban_may_bay/assets/script/framework/GameManager.ts as cce:/internal/code-quality/cr.mjs.
debug: Resolve cc from file:///C:/Users/USER/Desktop/ban_may_bay/assets/script/framework/GameManager.ts as cce:/internal/x/cc.
debug: Resolve cc from file:///C:/Users/USER/Desktop/ban_may_bay/assets/script/framework/GameManager.ts as cce:/internal/x/cc.
debug: Resolve cce:/internal/code-quality/cr.mjs from file:///C:/Users/USER/Desktop/ban_may_bay/assets/script/plane/EnemyPlane.ts as cce:/internal/code-quality/cr.mjs.
debug: Resolve cc from file:///C:/Users/USER/Desktop/ban_may_bay/assets/script/plane/EnemyPlane.ts as cce:/internal/x/cc.
debug: Resolve cc from file:///C:/Users/USER/Desktop/ban_may_bay/assets/script/plane/EnemyPlane.ts as cce:/internal/x/cc.
debug: Resolve cce:/internal/code-quality/cr.mjs from file:///C:/Users/USER/Desktop/ban_may_bay/assets/script/plane/SelfPlane.ts as cce:/internal/code-quality/cr.mjs.
debug: Resolve cc from file:///C:/Users/USER/Desktop/ban_may_bay/assets/script/plane/SelfPlane.ts as cce:/internal/x/cc.
debug: Resolve cc from file:///C:/Users/USER/Desktop/ban_may_bay/assets/script/plane/SelfPlane.ts as cce:/internal/x/cc.
debug: Resolve cce:/internal/code-quality/cr.mjs from file:///C:/Users/USER/Desktop/ban_may_bay/assets/script/ui/UIMain.ts as cce:/internal/code-quality/cr.mjs.
debug: Resolve cc from file:///C:/Users/USER/Desktop/ban_may_bay/assets/script/ui/UIMain.ts as cce:/internal/x/cc.
debug: Resolve cc from file:///C:/Users/USER/Desktop/ban_may_bay/assets/script/ui/UIMain.ts as cce:/internal/x/cc.
debug: Resolve cce:/internal/code-quality/cr.mjs from file:///C:/Users/USER/Desktop/ban_may_bay/assets/script/bullet/Bullet.ts as cce:/internal/code-quality/cr.mjs.
debug: Resolve cc from file:///C:/Users/USER/Desktop/ban_may_bay/assets/script/bullet/Bullet.ts as cce:/internal/x/cc.
debug: Resolve cc from file:///C:/Users/USER/Desktop/ban_may_bay/assets/script/bullet/Bullet.ts as cce:/internal/x/cc.
debug: Resolve cce:/internal/code-quality/cr.mjs from file:///C:/Users/USER/Desktop/ban_may_bay/assets/script/Explode.ts as cce:/internal/code-quality/cr.mjs.
debug: Resolve cc from file:///C:/Users/USER/Desktop/ban_may_bay/assets/script/Explode.ts as cce:/internal/x/cc.
debug: Resolve cc from file:///C:/Users/USER/Desktop/ban_may_bay/assets/script/Explode.ts as cce:/internal/x/cc.
debug: Resolve ../framework/Constant from file:///C:/Users/USER/Desktop/ban_may_bay/assets/script/bullet/BulletProp.ts as file:///C:/Users/USER/Desktop/ban_may_bay/assets/script/framework/Constant.ts.
debug: Resolve ../framework/PoolManager from file:///C:/Users/USER/Desktop/ban_may_bay/assets/script/bullet/BulletProp.ts as file:///C:/Users/USER/Desktop/ban_may_bay/assets/script/framework/PoolManager.ts.
debug: Resolve ../bullet/BulletProp from file:///C:/Users/USER/Desktop/ban_may_bay/assets/script/framework/GameManager.ts as file:///C:/Users/USER/Desktop/ban_may_bay/assets/script/bullet/BulletProp.ts.
debug: Resolve ../bullet/Bullet from file:///C:/Users/USER/Desktop/ban_may_bay/assets/script/framework/GameManager.ts as file:///C:/Users/USER/Desktop/ban_may_bay/assets/script/bullet/Bullet.ts.
debug: Resolve ../plane/EnemyPlane from file:///C:/Users/USER/Desktop/ban_may_bay/assets/script/framework/GameManager.ts as file:///C:/Users/USER/Desktop/ban_may_bay/assets/script/plane/EnemyPlane.ts.
debug: Resolve ../plane/SelfPlane from file:///C:/Users/USER/Desktop/ban_may_bay/assets/script/framework/GameManager.ts as file:///C:/Users/USER/Desktop/ban_may_bay/assets/script/plane/SelfPlane.ts.
debug: Resolve ./AudioManager from file:///C:/Users/USER/Desktop/ban_may_bay/assets/script/framework/GameManager.ts as file:///C:/Users/USER/Desktop/ban_may_bay/assets/script/framework/AudioManager.ts.
debug: Resolve ./Constant from file:///C:/Users/USER/Desktop/ban_may_bay/assets/script/framework/GameManager.ts as file:///C:/Users/USER/Desktop/ban_may_bay/assets/script/framework/Constant.ts.
debug: Resolve ./PoolManager from file:///C:/Users/USER/Desktop/ban_may_bay/assets/script/framework/GameManager.ts as file:///C:/Users/USER/Desktop/ban_may_bay/assets/script/framework/PoolManager.ts.
debug: Resolve ../framework/PoolManager from file:///C:/Users/USER/Desktop/ban_may_bay/assets/script/plane/EnemyPlane.ts as file:///C:/Users/USER/Desktop/ban_may_bay/assets/script/framework/PoolManager.ts.
debug: Resolve ../framework/Constant from file:///C:/Users/USER/Desktop/ban_may_bay/assets/script/plane/EnemyPlane.ts as file:///C:/Users/USER/Desktop/ban_may_bay/assets/script/framework/Constant.ts.
debug: Resolve ../framework/Constant from file:///C:/Users/USER/Desktop/ban_may_bay/assets/script/plane/SelfPlane.ts as file:///C:/Users/USER/Desktop/ban_may_bay/assets/script/framework/Constant.ts.
debug: Resolve ../framework/GameManager from file:///C:/Users/USER/Desktop/ban_may_bay/assets/script/ui/UIMain.ts as file:///C:/Users/USER/Desktop/ban_may_bay/assets/script/framework/GameManager.ts.
debug: Resolve ../framework/PoolManager from file:///C:/Users/USER/Desktop/ban_may_bay/assets/script/bullet/Bullet.ts as file:///C:/Users/USER/Desktop/ban_may_bay/assets/script/framework/PoolManager.ts.
debug: Resolve ../framework/Constant from file:///C:/Users/USER/Desktop/ban_may_bay/assets/script/bullet/Bullet.ts as file:///C:/Users/USER/Desktop/ban_may_bay/assets/script/framework/Constant.ts.
debug: Resolve ./framework/PoolManager from file:///C:/Users/USER/Desktop/ban_may_bay/assets/script/Explode.ts as file:///C:/Users/USER/Desktop/ban_may_bay/assets/script/framework/PoolManager.ts.
debug: Target(preview) ends with cost 1350.3249000310898ms.
